[DEBUG] 2018-04-01 20:18:38.082 [http-nio-8080-exec-1] AllConnections - dao.getAll what is this?: [edu.matc.entity.Connection@1f462cf1]
[INFO ] 2018-04-01 20:19:15.895 [main] UserDaoTest - BeforeEach
[DEBUG] 2018-04-01 20:26:14.557 [http-nio-8080-exec-9] GenericDao - Searching for Connection with firstName = J
[DEBUG] 2018-04-01 20:28:40.866 [http-nio-8080-exec-3] GenericDao - Searching for Connection with firstName = J
[DEBUG] 2018-04-01 20:32:21.840 [http-nio-8080-exec-2] GenericDao - Searching for Connection with firstName = J
[DEBUG] 2018-04-01 20:32:21.999 [http-nio-8080-exec-2] AllConnections - USERdao.getByPropertyLike what is this?: [edu.matc.entity.User@b8b3a8a3, edu.matc.entity.User@c87af8e0]
[DEBUG] 2018-04-01 20:35:45.852 [http-nio-8080-exec-5] GenericDao - Searching for Connection with firstName = J
[DEBUG] 2018-04-01 20:35:45.995 [http-nio-8080-exec-5] AllConnections - USERdao.getByPropertyLike what is this?: jsmith@gmail.com
[DEBUG] 2018-04-01 20:46:48.424 [http-nio-8080-exec-3] AllConnections - USERdao.getAll what is this?: User{id=1, firstName='joan', lastName='smith', email='jsmith@gmail.com', password='password'}
[INFO ] 2018-04-05 19:20:02.740 [http-nio-8080-exec-7] RandomConnection - In the doGet of randomConnection
[INFO ] 2018-04-05 19:20:16.661 [http-nio-8080-exec-7] RandomConnection - In the doGet of randomConnection
[INFO ] 2018-04-05 22:07:15.487 [http-nio-8080-exec-8] AllUsers - In the doGet of allUsers
[DEBUG] 2018-04-05 22:07:41.661 [http-nio-8080-exec-10] AllConnections - USERdao.getAll what is this?: User{id=1, firstName='joan', lastName='smith', email='jsmith@gmail.com', password='password'}
[DEBUG] 2018-04-06 14:09:13.560 [http-nio-8080-exec-5] AllConnections - USERdao.getAll what is this?: User{id=1, firstName='joan', lastName='smith', email='jsmith@gmail.com', password='password'}
[INFO ] 2018-04-06 14:09:18.481 [http-nio-8080-exec-6] AllUsers - In the doGet of allUsers
[INFO ] 2018-04-06 14:33:12.443 [http-nio-8080-exec-3] RandomConnection - In the doGet of randomConnection
[INFO ] 2018-04-09 18:56:05.627 [http-nio-8080-exec-2] RandomConnection - In the doGet of randomConnection
[INFO ] 2018-04-09 18:59:25.216 [http-nio-8080-exec-4] RandomConnection - In the doGet of randomConnection
[INFO ] 2018-04-09 19:08:22.626 [http-nio-8080-exec-2] RandomConnection - In the doGet of randomConnection
[INFO ] 2018-04-09 19:58:51.137 [http-nio-8080-exec-6] RandomConnection - In the doGet of randomConnection
[INFO ] 2018-04-09 20:00:27.886 [http-nio-8080-exec-3] RandomConnection - In the doGet of randomConnection
[INFO ] 2018-04-09 20:04:36.464 [http-nio-8080-exec-9] RandomConnection - In the doGet of randomConnection
[INFO ] 2018-04-09 20:09:42.466 [http-nio-8080-exec-9] RandomConnection - In the doGet of randomConnection
[INFO ] 2018-04-09 20:12:44.170 [http-nio-8080-exec-10] RandomConnection - In the doGet of randomConnection
[INFO ] 2018-04-09 20:12:46.718 [http-nio-8080-exec-9] RandomConnection - In the doGet of randomConnection
[INFO ] 2018-04-09 20:43:12.662 [http-nio-8080-exec-6] RandomConnection - In the doGet of randomConnection
[INFO ] 2018-04-09 20:43:19.537 [http-nio-8080-exec-4] RandomConnection - In the doGet of randomConnection
[INFO ] 2018-04-09 20:43:25.396 [http-nio-8080-exec-2] RandomConnection - In the doGet of randomConnection
[INFO ] 2018-04-09 20:55:08.519 [http-nio-8080-exec-7] RandomConnection - In the doGet of randomConnection
[INFO ] 2018-04-09 20:55:17.676 [http-nio-8080-exec-5] RandomConnection - In the doGet of randomConnection
[INFO ] 2018-04-09 20:55:22.156 [http-nio-8080-exec-9] ReadInConnections - linkedin_id,first_name,last_name,email
[INFO ] 2018-04-09 20:55:22.157 [http-nio-8080-exec-9] ReadInConnections - 1,Jose,Ludy,jludy0@mozilla.org
[INFO ] 2018-04-09 20:55:22.158 [http-nio-8080-exec-9] ReadInConnections - 2,Lindsay,Honsch,lhonsch1@xinhuanet.com
[INFO ] 2018-04-09 20:55:22.158 [http-nio-8080-exec-9] ReadInConnections - 3,Hally,Cod,hcod2@opensource.org
[INFO ] 2018-04-09 20:55:22.158 [http-nio-8080-exec-9] ReadInConnections - 4,Fiorenze,Bayfield,fbayfield3@hhs.gov
[INFO ] 2018-04-09 20:55:22.158 [http-nio-8080-exec-9] ReadInConnections - 5,Clementina,Haynes,chaynes4@salon.com
[INFO ] 2018-04-09 20:55:22.158 [http-nio-8080-exec-9] ReadInConnections - 6,Inger,Muzzall,imuzzall5@businessweek.com
[INFO ] 2018-04-09 20:55:22.158 [http-nio-8080-exec-9] ReadInConnections - 7,Esteban,Pandey,epandey6@freewebs.com
[INFO ] 2018-04-09 20:55:22.158 [http-nio-8080-exec-9] ReadInConnections - 8,Marillin,Jon,mjon7@gnu.org
[INFO ] 2018-04-09 20:55:22.158 [http-nio-8080-exec-9] ReadInConnections - 9,Scott,Kochl,skochl8@archive.org
[INFO ] 2018-04-09 20:55:22.158 [http-nio-8080-exec-9] ReadInConnections - 10,Tiebout,Bisatt,tbisatt9@posterous.com
[INFO ] 2018-04-09 20:55:22.158 [http-nio-8080-exec-9] ReadInConnections - 11,Jon,Wooland,jwoolanda@sphinn.com
[INFO ] 2018-04-09 20:55:22.158 [http-nio-8080-exec-9] ReadInConnections - 12,Sebastien,Asplin,sasplinb@auda.org.au
[INFO ] 2018-04-09 20:55:22.158 [http-nio-8080-exec-9] ReadInConnections - 13,Chet,Bennetto,cbennettoc@home.pl
[INFO ] 2018-04-09 20:55:22.158 [http-nio-8080-exec-9] ReadInConnections - 14,Barthel,Main,bmaind@about.com
[INFO ] 2018-04-09 20:55:22.158 [http-nio-8080-exec-9] ReadInConnections - 15,Baudoin,Holbarrow,bholbarrowe@chicagotribune.com
[INFO ] 2018-04-09 20:55:22.158 [http-nio-8080-exec-9] ReadInConnections - 16,Layton,Coolson,lcoolsonf@lycos.com
[INFO ] 2018-04-09 20:55:22.158 [http-nio-8080-exec-9] ReadInConnections - 17,Rebecca,Pittle,rpittleg@google.com.hk
[INFO ] 2018-04-09 20:55:22.158 [http-nio-8080-exec-9] ReadInConnections - 18,Tamara,Mott,tmotth@desdev.cn
[INFO ] 2018-04-09 20:55:22.158 [http-nio-8080-exec-9] ReadInConnections - 19,Clayton,Scardifeild,cscardifeildi@telegraph.co.uk
[INFO ] 2018-04-09 20:55:22.159 [http-nio-8080-exec-9] ReadInConnections - 20,Grayce,Jerred,gjerredj@photobucket.com
[INFO ] 2018-04-09 20:55:22.159 [http-nio-8080-exec-9] ReadInConnections - 21,Karia,McGarel,kmcgarelk@cargocollective.com
[INFO ] 2018-04-09 20:55:22.159 [http-nio-8080-exec-9] ReadInConnections - 22,Darryl,Formilli,dformillil@reverbnation.com
[INFO ] 2018-04-09 20:55:22.159 [http-nio-8080-exec-9] ReadInConnections - 23,Vinny,Dobbing,vdobbingm@gravatar.com
[INFO ] 2018-04-09 20:55:22.159 [http-nio-8080-exec-9] ReadInConnections - 24,Chance,Arbor,carborn@ucla.edu
[INFO ] 2018-04-09 20:55:22.159 [http-nio-8080-exec-9] ReadInConnections - 25,Brock,Moncreiff,bmoncreiffo@ask.com
[INFO ] 2018-04-09 20:55:22.159 [http-nio-8080-exec-9] ReadInConnections - 26,Rosemarie,McGilvra,rmcgilvrap@nyu.edu
[INFO ] 2018-04-09 20:55:22.159 [http-nio-8080-exec-9] ReadInConnections - 27,Tracey,Sweedland,tsweedlandq@yahoo.co.jp
[INFO ] 2018-04-09 20:55:22.159 [http-nio-8080-exec-9] ReadInConnections - 28,Darline,Simmons,dsimmonsr@europa.eu
[INFO ] 2018-04-09 20:55:22.159 [http-nio-8080-exec-9] ReadInConnections - 29,Roz,Botting,rbottings@blogspot.com
[INFO ] 2018-04-09 20:55:22.159 [http-nio-8080-exec-9] ReadInConnections - 30,Husain,Pane,hpanet@smugmug.com
[INFO ] 2018-04-09 20:55:22.159 [http-nio-8080-exec-9] ReadInConnections - 31,Zacharie,Ivers,ziversu@1und1.de
[INFO ] 2018-04-09 20:55:22.160 [http-nio-8080-exec-9] ReadInConnections - 32,Laurette,Terry,lterryv@auda.org.au
[INFO ] 2018-04-09 20:55:22.160 [http-nio-8080-exec-9] ReadInConnections - 33,Joy,Channer,jchannerw@yellowbook.com
[INFO ] 2018-04-09 20:55:22.160 [http-nio-8080-exec-9] ReadInConnections - 34,Charmain,Caps,ccapsx@wisc.edu
[INFO ] 2018-04-09 20:55:22.160 [http-nio-8080-exec-9] ReadInConnections - 35,Darbie,McReath,dmcreathy@mtv.com
[INFO ] 2018-04-09 20:55:22.160 [http-nio-8080-exec-9] ReadInConnections - 36,Pete,Bris,pbrisz@freewebs.com
[INFO ] 2018-04-09 20:55:22.160 [http-nio-8080-exec-9] ReadInConnections - 37,Pieter,Willoughley,pwilloughley10@wsj.com
[INFO ] 2018-04-09 20:55:22.160 [http-nio-8080-exec-9] ReadInConnections - 38,Lucho,Wixey,lwixey11@netscape.com
[INFO ] 2018-04-09 20:55:22.160 [http-nio-8080-exec-9] ReadInConnections - 39,Birgit,Williamson,bwilliamson12@amazon.co.jp
[INFO ] 2018-04-09 20:55:22.160 [http-nio-8080-exec-9] ReadInConnections - 40,Angy,Ralston,aralston13@shinystat.com
[INFO ] 2018-04-09 20:55:22.160 [http-nio-8080-exec-9] ReadInConnections - 41,Ferguson,Hallt,fhallt14@admin.ch
[INFO ] 2018-04-09 20:55:22.160 [http-nio-8080-exec-9] ReadInConnections - 42,Humfried,Rolf,hrolf15@usatoday.com
[INFO ] 2018-04-09 20:55:22.160 [http-nio-8080-exec-9] ReadInConnections - 43,Harli,Ewers,hewers16@netscape.com
[INFO ] 2018-04-09 20:55:22.160 [http-nio-8080-exec-9] ReadInConnections - 44,Humfrey,Penni,hpenni17@scientificamerican.com
[INFO ] 2018-04-09 20:55:22.161 [http-nio-8080-exec-9] ReadInConnections - 45,Nelson,Blampey,nblampey18@list-manage.com
[INFO ] 2018-04-09 20:55:22.161 [http-nio-8080-exec-9] ReadInConnections - 46,Adelaida,Wise,awise19@skype.com
[INFO ] 2018-04-09 20:55:22.161 [http-nio-8080-exec-9] ReadInConnections - 47,Saundra,Kundt,skundt1a@amazon.co.uk
[INFO ] 2018-04-09 20:55:22.161 [http-nio-8080-exec-9] ReadInConnections - 48,Emmalee,McNerlin,emcnerlin1b@netlog.com
[INFO ] 2018-04-09 20:55:22.161 [http-nio-8080-exec-9] ReadInConnections - 49,Stepha,Domone,sdomone1c@icio.us
[INFO ] 2018-04-09 20:55:22.161 [http-nio-8080-exec-9] ReadInConnections - 50,Tomlin,Boswell,tboswell1d@jigsy.com
[INFO ] 2018-04-09 20:55:22.161 [http-nio-8080-exec-9] ReadInConnections - 51,Rriocard,Marginson,rmarginson1e@elpais.com
[INFO ] 2018-04-09 20:55:22.161 [http-nio-8080-exec-9] ReadInConnections - 52,Sanders,Bezzant,sbezzant1f@mac.com
[INFO ] 2018-04-09 20:55:22.161 [http-nio-8080-exec-9] ReadInConnections - 53,Merrill,Vickars,mvickars1g@flickr.com
[INFO ] 2018-04-09 20:55:22.161 [http-nio-8080-exec-9] ReadInConnections - 54,Evyn,Kochlin,ekochlin1h@360.cn
[INFO ] 2018-04-09 20:55:22.161 [http-nio-8080-exec-9] ReadInConnections - 55,Arv,Willars,awillars1i@loc.gov
[INFO ] 2018-04-09 20:55:22.161 [http-nio-8080-exec-9] ReadInConnections - 56,Yardley,Balfe,ybalfe1j@cbsnews.com
[INFO ] 2018-04-09 20:55:22.161 [http-nio-8080-exec-9] ReadInConnections - 57,Jo,O' Kelleher,jokelleher1k@zdnet.com
[INFO ] 2018-04-09 20:55:22.161 [http-nio-8080-exec-9] ReadInConnections - 58,Ginger,McGiffin,gmcgiffin1l@youtu.be
[INFO ] 2018-04-09 20:55:22.161 [http-nio-8080-exec-9] ReadInConnections - 59,Katherina,Redhills,kredhills1m@webmd.com
[INFO ] 2018-04-09 20:55:22.161 [http-nio-8080-exec-9] ReadInConnections - 60,Raven,Ferreras,rferreras1n@yahoo.co.jp
[INFO ] 2018-04-09 20:55:22.162 [http-nio-8080-exec-9] ReadInConnections - 61,Giselbert,Dyster,gdyster1o@gnu.org
[INFO ] 2018-04-09 20:55:22.162 [http-nio-8080-exec-9] ReadInConnections - 62,Randy,Vawton,rvawton1p@lulu.com
[INFO ] 2018-04-09 20:55:22.162 [http-nio-8080-exec-9] ReadInConnections - 63,Chad,Placstone,cplacstone1q@va.gov
[INFO ] 2018-04-09 20:55:22.162 [http-nio-8080-exec-9] ReadInConnections - 64,Niki,Minci,nminci1r@constantcontact.com
[INFO ] 2018-04-09 20:55:22.162 [http-nio-8080-exec-9] ReadInConnections - 65,Moritz,Box,mbox1s@newsvine.com
[INFO ] 2018-04-09 20:55:22.162 [http-nio-8080-exec-9] ReadInConnections - 66,Oren,Dopson,odopson1t@bluehost.com
[INFO ] 2018-04-09 20:55:22.162 [http-nio-8080-exec-9] ReadInConnections - 67,Ruben,Hysom,rhysom1u@mozilla.com
[INFO ] 2018-04-09 20:55:22.162 [http-nio-8080-exec-9] ReadInConnections - 68,Cirstoforo,Sowthcote,csowthcote1v@php.net
[INFO ] 2018-04-09 20:55:22.162 [http-nio-8080-exec-9] ReadInConnections - 69,Lelia,Simkovitz,lsimkovitz1w@patch.com
[INFO ] 2018-04-09 20:55:22.162 [http-nio-8080-exec-9] ReadInConnections - 70,Brion,McAlroy,bmcalroy1x@thetimes.co.uk
[INFO ] 2018-04-09 20:55:22.162 [http-nio-8080-exec-9] ReadInConnections - 71,Konstance,Fluck,kfluck1y@jimdo.com
[INFO ] 2018-04-09 20:55:22.162 [http-nio-8080-exec-9] ReadInConnections - 72,Matthus,Acreman,macreman1z@state.tx.us
[INFO ] 2018-04-09 20:55:22.162 [http-nio-8080-exec-9] ReadInConnections - 73,Ase,Mattock,amattock20@wisc.edu
[INFO ] 2018-04-09 20:55:22.162 [http-nio-8080-exec-9] ReadInConnections - 74,Valentine,Bulle,vbulle21@goodreads.com
[INFO ] 2018-04-09 20:55:22.162 [http-nio-8080-exec-9] ReadInConnections - 75,Nataline,Torry,ntorry22@noaa.gov
[INFO ] 2018-04-09 20:55:22.162 [http-nio-8080-exec-9] ReadInConnections - 76,Kenn,MacCallion,kmaccallion23@pen.io
[INFO ] 2018-04-09 20:55:22.163 [http-nio-8080-exec-9] ReadInConnections - 77,Candie,Cruess,ccruess24@nasa.gov
[INFO ] 2018-04-09 20:55:22.163 [http-nio-8080-exec-9] ReadInConnections - 78,Britt,Cayley,bcayley25@un.org
[INFO ] 2018-04-09 20:55:22.163 [http-nio-8080-exec-9] ReadInConnections - 79,Cortney,Jiroutka,cjiroutka26@illinois.edu
[INFO ] 2018-04-09 20:55:22.163 [http-nio-8080-exec-9] ReadInConnections - 80,Peg,Farron,pfarron27@digg.com
[INFO ] 2018-04-09 20:55:22.163 [http-nio-8080-exec-9] ReadInConnections - 81,Bethanne,Vittori,bvittori28@examiner.com
[INFO ] 2018-04-09 20:55:22.163 [http-nio-8080-exec-9] ReadInConnections - 82,Marleah,Withey,mwithey29@state.tx.us
[INFO ] 2018-04-09 20:55:22.163 [http-nio-8080-exec-9] ReadInConnections - 83,Jamesy,Sposito,jsposito2a@forbes.com
[INFO ] 2018-04-09 20:55:22.163 [http-nio-8080-exec-9] ReadInConnections - 84,Elenore,Imrie,eimrie2b@jiathis.com
[INFO ] 2018-04-09 20:55:22.163 [http-nio-8080-exec-9] ReadInConnections - 85,Fan,Blakiston,fblakiston2c@acquirethisname.com
[INFO ] 2018-04-09 20:55:22.163 [http-nio-8080-exec-9] ReadInConnections - 86,Lizabeth,Rosgen,lrosgen2d@archive.org
[INFO ] 2018-04-09 20:55:22.163 [http-nio-8080-exec-9] ReadInConnections - 87,Debera,Wandrich,dwandrich2e@theguardian.com
[INFO ] 2018-04-09 20:55:22.163 [http-nio-8080-exec-9] ReadInConnections - 88,Giffy,Kolakowski,gkolakowski2f@fema.gov
[INFO ] 2018-04-09 20:55:22.166 [http-nio-8080-exec-9] ReadInConnections - 89,Joycelin,Guerreiro,jguerreiro2g@zdnet.com
[INFO ] 2018-04-09 20:55:22.166 [http-nio-8080-exec-9] ReadInConnections - 90,Lucy,Saye,lsaye2h@facebook.com
[INFO ] 2018-04-09 20:55:22.166 [http-nio-8080-exec-9] ReadInConnections - 91,Rana,Puxley,rpuxley2i@loc.gov
[INFO ] 2018-04-09 20:55:22.166 [http-nio-8080-exec-9] ReadInConnections - 92,Bryan,Melliard,bmelliard2j@bandcamp.com
[INFO ] 2018-04-09 20:55:22.166 [http-nio-8080-exec-9] ReadInConnections - 93,Doralynn,De Minico,ddeminico2k@constantcontact.com
[INFO ] 2018-04-09 20:55:22.166 [http-nio-8080-exec-9] ReadInConnections - 94,Marjory,Hully,mhully2l@marriott.com
[INFO ] 2018-04-09 20:55:22.167 [http-nio-8080-exec-9] ReadInConnections - 95,Michale,Lamprecht,mlamprecht2m@wired.com
[INFO ] 2018-04-09 20:55:22.167 [http-nio-8080-exec-9] ReadInConnections - 96,Robinette,Garman,rgarman2n@addthis.com
[INFO ] 2018-04-09 20:55:22.167 [http-nio-8080-exec-9] ReadInConnections - 97,Wilburt,Zealy,wzealy2o@cnet.com
[INFO ] 2018-04-09 20:55:22.167 [http-nio-8080-exec-9] ReadInConnections - 98,Arleen,Domelow,adomelow2p@cbc.ca
[INFO ] 2018-04-09 20:55:22.167 [http-nio-8080-exec-9] ReadInConnections - 99,Boyd,Tanser,btanser2q@opensource.org
[INFO ] 2018-04-09 20:55:22.167 [http-nio-8080-exec-9] ReadInConnections - 100,Blondie,Pietron,bpietron2r@wisc.edu
[INFO ] 2018-04-09 20:55:22.167 [http-nio-8080-exec-9] ReadInConnections - 101,Cristie,Dabner,cdabner2s@free.fr
[INFO ] 2018-04-09 20:55:22.167 [http-nio-8080-exec-9] ReadInConnections - 102,Freeman,Manger,fmanger2t@jugem.jp
[INFO ] 2018-04-09 20:55:22.167 [http-nio-8080-exec-9] ReadInConnections - 103,Kermit,Stollenbecker,kstollenbecker2u@washingtonpost.com
[INFO ] 2018-04-09 20:55:22.167 [http-nio-8080-exec-9] ReadInConnections - 104,Lynnet,Buesnel,lbuesnel2v@usa.gov
[INFO ] 2018-04-09 20:55:22.167 [http-nio-8080-exec-9] ReadInConnections - 105,Antonia,Hadny,ahadny2w@tinyurl.com
[INFO ] 2018-04-09 20:55:22.167 [http-nio-8080-exec-9] ReadInConnections - 106,Immanuel,McCuffie,imccuffie2x@apache.org
[INFO ] 2018-04-09 20:55:22.167 [http-nio-8080-exec-9] ReadInConnections - 107,Minna,Fullilove,mfullilove2y@nbcnews.com
[INFO ] 2018-04-09 20:55:22.167 [http-nio-8080-exec-9] ReadInConnections - 108,Codie,Proschek,cproschek2z@mashable.com
[INFO ] 2018-04-09 20:55:22.167 [http-nio-8080-exec-9] ReadInConnections - 109,Lilia,Grimestone,lgrimestone30@bravesites.com
[INFO ] 2018-04-09 20:55:22.167 [http-nio-8080-exec-9] ReadInConnections - 110,Linnie,Riccardelli,lriccardelli31@typepad.com
[INFO ] 2018-04-09 20:55:22.167 [http-nio-8080-exec-9] ReadInConnections - 111,Montgomery,Goodright,mgoodright32@xrea.com
[INFO ] 2018-04-09 20:55:22.167 [http-nio-8080-exec-9] ReadInConnections - 112,Alisa,Nerne,anerne33@psu.edu
[INFO ] 2018-04-09 20:55:22.167 [http-nio-8080-exec-9] ReadInConnections - 113,Windy,Coultass,wcoultass34@php.net
[INFO ] 2018-04-09 20:55:22.167 [http-nio-8080-exec-9] ReadInConnections - 114,Linc,Atlay,latlay35@imgur.com
[INFO ] 2018-04-09 20:55:22.168 [http-nio-8080-exec-9] ReadInConnections - 115,Kippy,Graeme,kgraeme36@narod.ru
[INFO ] 2018-04-09 20:55:22.168 [http-nio-8080-exec-9] ReadInConnections - 116,Lowe,Delgardillo,ldelgardillo37@tiny.cc
[INFO ] 2018-04-09 20:55:22.168 [http-nio-8080-exec-9] ReadInConnections - 117,Joannes,Campbell-Dunlop,jcampbelldunlop38@google.cn
[INFO ] 2018-04-09 20:55:22.168 [http-nio-8080-exec-9] ReadInConnections - 118,Brigham,Grimsell,bgrimsell39@cpanel.net
[INFO ] 2018-04-09 20:55:22.168 [http-nio-8080-exec-9] ReadInConnections - 119,Ravid,Tynewell,rtynewell3a@zimbio.com
[INFO ] 2018-04-09 20:55:22.168 [http-nio-8080-exec-9] ReadInConnections - 120,Cristobal,Tottle,ctottle3b@nifty.com
[INFO ] 2018-04-09 20:55:22.168 [http-nio-8080-exec-9] ReadInConnections - 121,Quintina,Wallbrook,qwallbrook3c@spiegel.de
[INFO ] 2018-04-09 20:55:22.168 [http-nio-8080-exec-9] ReadInConnections - 122,Blaire,Wrathmell,bwrathmell3d@google.com
[INFO ] 2018-04-09 20:55:22.168 [http-nio-8080-exec-9] ReadInConnections - 123,Jeana,Korous,jkorous3e@shutterfly.com
[INFO ] 2018-04-09 20:55:22.168 [http-nio-8080-exec-9] ReadInConnections - 124,Jasmin,Packman,jpackman3f@live.com
[INFO ] 2018-04-09 20:55:22.168 [http-nio-8080-exec-9] ReadInConnections - 125,Lydie,Aughton,laughton3g@xing.com
[INFO ] 2018-04-09 20:55:22.168 [http-nio-8080-exec-9] ReadInConnections - 126,Xever,Alston,xalston3h@usda.gov
[INFO ] 2018-04-09 20:55:22.168 [http-nio-8080-exec-9] ReadInConnections - 127,Alyson,Riggoll,ariggoll3i@europa.eu
[INFO ] 2018-04-09 20:55:22.168 [http-nio-8080-exec-9] ReadInConnections - 128,Pet,Norsister,pnorsister3j@t-online.de
[INFO ] 2018-04-09 20:55:22.168 [http-nio-8080-exec-9] ReadInConnections - 129,Hartwell,Stribling,hstribling3k@shutterfly.com
[INFO ] 2018-04-09 20:55:22.168 [http-nio-8080-exec-9] ReadInConnections - 130,Ashbey,Hurdman,ahurdman3l@youtube.com
[INFO ] 2018-04-09 20:55:22.168 [http-nio-8080-exec-9] ReadInConnections - 131,Amata,Buss,abuss3m@cisco.com
[INFO ] 2018-04-09 20:55:22.168 [http-nio-8080-exec-9] ReadInConnections - 132,Isidoro,Demoge,idemoge3n@php.net
[INFO ] 2018-04-09 20:55:22.169 [http-nio-8080-exec-9] ReadInConnections - 133,Minda,Kinnin,mkinnin3o@chicagotribune.com
[INFO ] 2018-04-09 20:55:22.169 [http-nio-8080-exec-9] ReadInConnections - 134,Lavinie,Rickhuss,lrickhuss3p@1und1.de
[INFO ] 2018-04-09 20:55:22.169 [http-nio-8080-exec-9] ReadInConnections - 135,Dawna,Phoebe,dphoebe3q@networksolutions.com
[INFO ] 2018-04-09 20:55:22.169 [http-nio-8080-exec-9] ReadInConnections - 136,Jud,Loche,jloche3r@wired.com
[INFO ] 2018-04-09 20:55:22.169 [http-nio-8080-exec-9] ReadInConnections - 137,Darin,Crippill,dcrippill3s@wufoo.com
[INFO ] 2018-04-09 20:55:22.169 [http-nio-8080-exec-9] ReadInConnections - 138,Gerri,Richarz,gricharz3t@wufoo.com
[INFO ] 2018-04-09 20:55:22.169 [http-nio-8080-exec-9] ReadInConnections - 139,Humphrey,Messruther,hmessruther3u@xing.com
[INFO ] 2018-04-09 20:55:22.170 [http-nio-8080-exec-9] ReadInConnections - 140,Tatiania,Stamp,tstamp3v@icq.com
[INFO ] 2018-04-09 20:55:22.170 [http-nio-8080-exec-9] ReadInConnections - 141,Tiebold,Puzey,tpuzey3w@reference.com
[INFO ] 2018-04-09 20:55:22.170 [http-nio-8080-exec-9] ReadInConnections - 142,Felicio,Whiteford,fwhiteford3x@google.co.uk
[INFO ] 2018-04-09 20:55:22.170 [http-nio-8080-exec-9] ReadInConnections - 143,Em,Baillie,ebaillie3y@dagondesign.com
[INFO ] 2018-04-09 20:55:22.170 [http-nio-8080-exec-9] ReadInConnections - 144,Flossy,Yakob,fyakob3z@nature.com
[INFO ] 2018-04-09 20:55:22.170 [http-nio-8080-exec-9] ReadInConnections - 145,Caty,Crichmere,ccrichmere40@mit.edu
[INFO ] 2018-04-09 20:55:22.170 [http-nio-8080-exec-9] ReadInConnections - 146,Harriott,Josephs,hjosephs41@last.fm
[INFO ] 2018-04-09 20:55:22.171 [http-nio-8080-exec-9] ReadInConnections - 147,Devland,Dumphrey,ddumphrey42@marriott.com
[INFO ] 2018-04-09 20:55:22.171 [http-nio-8080-exec-9] ReadInConnections - 148,Sybila,Bartunek,sbartunek43@jugem.jp
[INFO ] 2018-04-09 20:55:22.171 [http-nio-8080-exec-9] ReadInConnections - 149,Toby,Dreschler,tdreschler44@pinterest.com
[INFO ] 2018-04-09 20:55:22.171 [http-nio-8080-exec-9] ReadInConnections - 150,Jory,Grimes,jgrimes45@narod.ru
[INFO ] 2018-04-09 20:55:22.171 [http-nio-8080-exec-9] ReadInConnections - 151,Evanne,Portis,eportis46@mapquest.com
[INFO ] 2018-04-09 20:55:22.171 [http-nio-8080-exec-9] ReadInConnections - 152,Barrie,Growden,bgrowden47@noaa.gov
[INFO ] 2018-04-09 20:55:22.171 [http-nio-8080-exec-9] ReadInConnections - 153,Adler,Gainsford,againsford48@loc.gov
[INFO ] 2018-04-09 20:55:22.172 [http-nio-8080-exec-9] ReadInConnections - 154,Avrit,Harryman,aharryman49@desdev.cn
[INFO ] 2018-04-09 20:55:22.172 [http-nio-8080-exec-9] ReadInConnections - 155,Paton,Ridde,pridde4a@twitter.com
[INFO ] 2018-04-09 20:55:22.172 [http-nio-8080-exec-9] ReadInConnections - 156,Rica,Henricsson,rhenricsson4b@liveinternet.ru
[INFO ] 2018-04-09 20:55:22.172 [http-nio-8080-exec-9] ReadInConnections - 157,Vinny,Yabsley,vyabsley4c@taobao.com
[INFO ] 2018-04-09 20:55:22.172 [http-nio-8080-exec-9] ReadInConnections - 158,Robbie,Pirelli,rpirelli4d@va.gov
[INFO ] 2018-04-09 20:55:22.172 [http-nio-8080-exec-9] ReadInConnections - 159,Hilda,Lewcock,hlewcock4e@themeforest.net
[INFO ] 2018-04-09 20:55:22.172 [http-nio-8080-exec-9] ReadInConnections - 160,Flossy,Leggate,fleggate4f@mashable.com
[INFO ] 2018-04-09 20:55:22.172 [http-nio-8080-exec-9] ReadInConnections - 161,Orly,Pickett,opickett4g@parallels.com
[INFO ] 2018-04-09 20:55:22.173 [http-nio-8080-exec-9] ReadInConnections - 162,Hannis,Rimbault,hrimbault4h@amazon.co.uk
[INFO ] 2018-04-09 20:55:22.173 [http-nio-8080-exec-9] ReadInConnections - 163,Tedd,Rudwell,trudwell4i@usda.gov
[INFO ] 2018-04-09 20:55:22.174 [http-nio-8080-exec-9] ReadInConnections - 164,Alain,Colnett,acolnett4j@studiopress.com
[INFO ] 2018-04-09 20:55:22.174 [http-nio-8080-exec-9] ReadInConnections - 165,Sheffield,Glavis,sglavis4k@java.com
[INFO ] 2018-04-09 20:55:22.174 [http-nio-8080-exec-9] ReadInConnections - 166,Nadean,Hirschmann,nhirschmann4l@examiner.com
[INFO ] 2018-04-09 20:55:22.174 [http-nio-8080-exec-9] ReadInConnections - 167,Byran,Brockett,bbrockett4m@skyrock.com
[INFO ] 2018-04-09 20:55:22.174 [http-nio-8080-exec-9] ReadInConnections - 168,Zared,Mercik,zmercik4n@angelfire.com
[INFO ] 2018-04-09 20:55:22.174 [http-nio-8080-exec-9] ReadInConnections - 169,Rawley,Royce,rroyce4o@springer.com
[INFO ] 2018-04-09 20:55:22.174 [http-nio-8080-exec-9] ReadInConnections - 170,Barby,Habberjam,bhabberjam4p@blogspot.com
[INFO ] 2018-04-09 20:55:22.174 [http-nio-8080-exec-9] ReadInConnections - 171,Zolly,Fabbri,zfabbri4q@dailymail.co.uk
[INFO ] 2018-04-09 20:55:22.174 [http-nio-8080-exec-9] ReadInConnections - 172,Claudina,Redmire,credmire4r@prnewswire.com
[INFO ] 2018-04-09 20:55:22.174 [http-nio-8080-exec-9] ReadInConnections - 173,Mady,Besantie,mbesantie4s@infoseek.co.jp
[INFO ] 2018-04-09 20:55:22.174 [http-nio-8080-exec-9] ReadInConnections - 174,Lowell,Giannasi,lgiannasi4t@purevolume.com
[INFO ] 2018-04-09 20:55:22.174 [http-nio-8080-exec-9] ReadInConnections - 175,Gino,Epdell,gepdell4u@intel.com
[INFO ] 2018-04-09 20:55:22.175 [http-nio-8080-exec-9] ReadInConnections - 176,Daisi,Glennie,dglennie4v@youtu.be
[INFO ] 2018-04-09 20:55:22.175 [http-nio-8080-exec-9] ReadInConnections - 177,Fina,Breyt,fbreyt4w@twitpic.com
[INFO ] 2018-04-09 20:55:22.175 [http-nio-8080-exec-9] ReadInConnections - 178,Richy,McClymont,rmcclymont4x@artisteer.com
[INFO ] 2018-04-09 20:55:22.175 [http-nio-8080-exec-9] ReadInConnections - 179,Caye,Gretton,cgretton4y@wikia.com
[INFO ] 2018-04-09 20:55:22.175 [http-nio-8080-exec-9] ReadInConnections - 180,Gilberta,Francioli,gfrancioli4z@vinaora.com
[INFO ] 2018-04-09 20:55:22.175 [http-nio-8080-exec-9] ReadInConnections - 181,Wallache,Clucas,wclucas50@weather.com
[INFO ] 2018-04-09 20:55:22.175 [http-nio-8080-exec-9] ReadInConnections - 182,Horst,Dunk,hdunk51@twitpic.com
[INFO ] 2018-04-09 20:55:22.175 [http-nio-8080-exec-9] ReadInConnections - 183,Elsey,Largen,elargen52@comcast.net
[INFO ] 2018-04-09 20:55:22.175 [http-nio-8080-exec-9] ReadInConnections - 184,Marci,Castaneda,mcastaneda53@harvard.edu
[INFO ] 2018-04-09 20:55:22.175 [http-nio-8080-exec-9] ReadInConnections - 185,Kimmy,McMillan,kmcmillan54@pen.io
[INFO ] 2018-04-09 20:55:22.175 [http-nio-8080-exec-9] ReadInConnections - 186,Calley,Benford,cbenford55@nsw.gov.au
[INFO ] 2018-04-09 20:55:22.175 [http-nio-8080-exec-9] ReadInConnections - 187,Else,Kroon,ekroon56@umich.edu
[INFO ] 2018-04-09 20:55:22.177 [http-nio-8080-exec-9] ReadInConnections - 188,Maison,Poston,mposton57@rakuten.co.jp
[INFO ] 2018-04-09 20:55:22.177 [http-nio-8080-exec-9] ReadInConnections - 189,Rochester,Meese,rmeese58@altervista.org
[INFO ] 2018-04-09 20:55:22.177 [http-nio-8080-exec-9] ReadInConnections - 190,Natividad,Rushbrook,nrushbrook59@cbc.ca
[INFO ] 2018-04-09 20:55:22.177 [http-nio-8080-exec-9] ReadInConnections - 191,Anette,Petegrew,apetegrew5a@cnet.com
[INFO ] 2018-04-09 20:55:22.178 [http-nio-8080-exec-9] ReadInConnections - 192,Ashia,MacSherry,amacsherry5b@sphinn.com
[INFO ] 2018-04-09 20:55:22.178 [http-nio-8080-exec-9] ReadInConnections - 193,Sarina,Arndell,sarndell5c@phoca.cz
[INFO ] 2018-04-09 20:55:22.178 [http-nio-8080-exec-9] ReadInConnections - 194,Lucinda,Aleevy,laleevy5d@cbslocal.com
[INFO ] 2018-04-09 20:55:22.178 [http-nio-8080-exec-9] ReadInConnections - 195,Jodie,Riccardo,jriccardo5e@usda.gov
[INFO ] 2018-04-09 20:55:22.178 [http-nio-8080-exec-9] ReadInConnections - 196,Ryun,Tarbett,rtarbett5f@ezinearticles.com
[INFO ] 2018-04-09 20:55:22.179 [http-nio-8080-exec-9] ReadInConnections - 197,Annabel,Comfort,acomfort5g@tripod.com
[INFO ] 2018-04-09 20:55:22.179 [http-nio-8080-exec-9] ReadInConnections - 198,Kittie,Golborn,kgolborn5h@ucla.edu
[INFO ] 2018-04-09 20:55:22.179 [http-nio-8080-exec-9] ReadInConnections - 199,Felizio,Blondell,fblondell5i@jigsy.com
[INFO ] 2018-04-09 20:55:22.179 [http-nio-8080-exec-9] ReadInConnections - 200,Winnifred,Fewtrell,wfewtrell5j@mapy.cz
[INFO ] 2018-04-09 20:55:22.179 [http-nio-8080-exec-9] ReadInConnections - 201,Sephira,Harston,sharston5k@dyndns.org
[INFO ] 2018-04-09 20:55:22.179 [http-nio-8080-exec-9] ReadInConnections - 202,Joannes,Wallace,jwallace5l@webmd.com
[INFO ] 2018-04-09 20:55:22.179 [http-nio-8080-exec-9] ReadInConnections - 203,Ray,Plumptre,rplumptre5m@oaic.gov.au
[INFO ] 2018-04-09 20:55:22.179 [http-nio-8080-exec-9] ReadInConnections - 204,Bernadene,Ganny,bganny5n@csmonitor.com
[INFO ] 2018-04-09 20:55:22.179 [http-nio-8080-exec-9] ReadInConnections - 205,Kristel,Jepensen,kjepensen5o@house.gov
[INFO ] 2018-04-09 20:55:22.180 [http-nio-8080-exec-9] ReadInConnections - 206,Felicity,Cathersides,fcathersides5p@icio.us
[INFO ] 2018-04-09 20:55:22.180 [http-nio-8080-exec-9] ReadInConnections - 207,Yorgo,Dalla,ydalla5q@businessweek.com
[INFO ] 2018-04-09 20:55:22.180 [http-nio-8080-exec-9] ReadInConnections - 208,Madelaine,Gethyn,mgethyn5r@wikispaces.com
[INFO ] 2018-04-09 20:55:22.180 [http-nio-8080-exec-9] ReadInConnections - 209,Torey,Starmont,tstarmont5s@comsenz.com
[INFO ] 2018-04-09 20:55:22.180 [http-nio-8080-exec-9] ReadInConnections - 210,Terrye,Farndell,tfarndell5t@nytimes.com
[INFO ] 2018-04-09 20:55:22.180 [http-nio-8080-exec-9] ReadInConnections - 211,Aluino,Osmon,aosmon5u@usda.gov
[INFO ] 2018-04-09 20:55:22.180 [http-nio-8080-exec-9] ReadInConnections - 212,Chalmers,Fieldsend,cfieldsend5v@acquirethisname.com
[INFO ] 2018-04-09 20:55:22.180 [http-nio-8080-exec-9] ReadInConnections - 213,Paul,Hartus,phartus5w@theatlantic.com
[INFO ] 2018-04-09 20:55:22.180 [http-nio-8080-exec-9] ReadInConnections - 214,Fidelity,Tainton,ftainton5x@nba.com
[INFO ] 2018-04-09 20:55:22.181 [http-nio-8080-exec-9] ReadInConnections - 215,Alejandro,Twaits,atwaits5y@reddit.com
[INFO ] 2018-04-09 20:55:22.181 [http-nio-8080-exec-9] ReadInConnections - 216,Mabelle,Vautin,mvautin5z@wunderground.com
[INFO ] 2018-04-09 20:55:22.181 [http-nio-8080-exec-9] ReadInConnections - 217,Anderson,Weed,aweed60@apple.com
[INFO ] 2018-04-09 20:55:22.181 [http-nio-8080-exec-9] ReadInConnections - 218,Gabrila,Swadden,gswadden61@sogou.com
[INFO ] 2018-04-09 20:55:22.181 [http-nio-8080-exec-9] ReadInConnections - 219,Georgeta,Caroli,gcaroli62@pagesperso-orange.fr
[INFO ] 2018-04-09 20:55:22.181 [http-nio-8080-exec-9] ReadInConnections - 220,Issie,Lequeux,ilequeux63@github.com
[INFO ] 2018-04-09 20:55:22.181 [http-nio-8080-exec-9] ReadInConnections - 221,Anne-corinne,Barnhill,abarnhill64@altervista.org
[INFO ] 2018-04-09 20:55:22.181 [http-nio-8080-exec-9] ReadInConnections - 222,Luca,Rehn,lrehn65@usnews.com
[INFO ] 2018-04-09 20:55:22.181 [http-nio-8080-exec-9] ReadInConnections - 223,Whitman,Foukx,wfoukx66@mtv.com
[INFO ] 2018-04-09 20:55:22.181 [http-nio-8080-exec-9] ReadInConnections - 224,Jobyna,Heisham,jheisham67@gnu.org
[INFO ] 2018-04-09 20:55:22.182 [http-nio-8080-exec-9] ReadInConnections - 225,Rachael,Tunnicliffe,rtunnicliffe68@apple.com
[INFO ] 2018-04-09 20:55:22.182 [http-nio-8080-exec-9] ReadInConnections - 226,Evyn,Gliddon,egliddon69@moonfruit.com
[INFO ] 2018-04-09 20:55:22.182 [http-nio-8080-exec-9] ReadInConnections - 227,Chico,Enderle,cenderle6a@fastcompany.com
[INFO ] 2018-04-09 20:55:22.182 [http-nio-8080-exec-9] ReadInConnections - 228,Cassaundra,Slaymaker,cslaymaker6b@europa.eu
[INFO ] 2018-04-09 20:55:22.182 [http-nio-8080-exec-9] ReadInConnections - 229,Saba,Dearnley,sdearnley6c@aol.com
[INFO ] 2018-04-09 20:55:22.182 [http-nio-8080-exec-9] ReadInConnections - 230,Georgeanna,Rosita,grosita6d@samsung.com
[INFO ] 2018-04-09 20:55:22.182 [http-nio-8080-exec-9] ReadInConnections - 231,Jeanie,Haddon,jhaddon6e@issuu.com
[INFO ] 2018-04-09 20:55:22.182 [http-nio-8080-exec-9] ReadInConnections - 232,Lucho,MacRierie,lmacrierie6f@va.gov
[INFO ] 2018-04-09 20:55:22.182 [http-nio-8080-exec-9] ReadInConnections - 233,Teena,Pechet,tpechet6g@europa.eu
[INFO ] 2018-04-09 20:55:22.182 [http-nio-8080-exec-9] ReadInConnections - 234,Melodee,Simonyi,msimonyi6h@sbwire.com
[INFO ] 2018-04-09 20:55:22.182 [http-nio-8080-exec-9] ReadInConnections - 235,Georgine,Harradence,gharradence6i@xrea.com
[INFO ] 2018-04-09 20:55:22.183 [http-nio-8080-exec-9] ReadInConnections - 236,Susan,Mynett,smynett6j@redcross.org
[INFO ] 2018-04-09 20:55:22.183 [http-nio-8080-exec-9] ReadInConnections - 237,Bee,Fairs,bfairs6k@army.mil
[INFO ] 2018-04-09 20:55:22.183 [http-nio-8080-exec-9] ReadInConnections - 238,Cindelyn,MacRierie,cmacrierie6l@histats.com
[INFO ] 2018-04-09 20:55:22.183 [http-nio-8080-exec-9] ReadInConnections - 239,Theodore,Rockwill,trockwill6m@live.com
[INFO ] 2018-04-09 20:55:22.183 [http-nio-8080-exec-9] ReadInConnections - 240,Trumaine,Abbet,tabbet6n@privacy.gov.au
[INFO ] 2018-04-09 20:55:22.183 [http-nio-8080-exec-9] ReadInConnections - 241,Gardner,Champagne,gchampagne6o@google.cn
[INFO ] 2018-04-09 20:55:22.183 [http-nio-8080-exec-9] ReadInConnections - 242,Laurie,Matous,lmatous6p@360.cn
[INFO ] 2018-04-09 20:55:22.183 [http-nio-8080-exec-9] ReadInConnections - 243,Jess,Scrimshire,jscrimshire6q@github.io
[INFO ] 2018-04-09 20:55:22.184 [http-nio-8080-exec-9] ReadInConnections - 244,Hayley,Popley,hpopley6r@unc.edu
[INFO ] 2018-04-09 20:55:22.184 [http-nio-8080-exec-9] ReadInConnections - 245,Olivier,Falla,ofalla6s@example.com
[INFO ] 2018-04-09 20:55:22.184 [http-nio-8080-exec-9] ReadInConnections - 246,Rollins,Physick,rphysick6t@yelp.com
[INFO ] 2018-04-09 20:55:22.184 [http-nio-8080-exec-9] ReadInConnections - 247,Ollie,Jeandel,ojeandel6u@cargocollective.com
[INFO ] 2018-04-09 20:55:22.184 [http-nio-8080-exec-9] ReadInConnections - 248,Mac,Warden,mwarden6v@ucoz.ru
[INFO ] 2018-04-09 20:55:22.184 [http-nio-8080-exec-9] ReadInConnections - 249,Rodolph,Chazelle,rchazelle6w@salon.com
[INFO ] 2018-04-09 20:55:22.184 [http-nio-8080-exec-9] ReadInConnections - 250,Rowan,Peare,rpeare6x@ucoz.ru
[INFO ] 2018-04-09 20:55:22.184 [http-nio-8080-exec-9] ReadInConnections - 251,Lionel,Stoltz,lstoltz6y@webeden.co.uk
[INFO ] 2018-04-09 20:55:22.184 [http-nio-8080-exec-9] ReadInConnections - 252,Lawry,Slany,lslany6z@t-online.de
[INFO ] 2018-04-09 20:55:22.184 [http-nio-8080-exec-9] ReadInConnections - 253,Leighton,Penzer,lpenzer70@washington.edu
[INFO ] 2018-04-09 20:55:22.184 [http-nio-8080-exec-9] ReadInConnections - 254,Zandra,Crookall,zcrookall71@va.gov
[INFO ] 2018-04-09 20:55:22.184 [http-nio-8080-exec-9] ReadInConnections - 255,Kris,Stockin,kstockin72@squidoo.com
[INFO ] 2018-04-09 20:55:22.184 [http-nio-8080-exec-9] ReadInConnections - 256,Ardys,Fessby,afessby73@ucoz.ru
[INFO ] 2018-04-09 20:55:22.184 [http-nio-8080-exec-9] ReadInConnections - 257,Delila,Ruegg,druegg74@fc2.com
[INFO ] 2018-04-09 20:55:22.186 [http-nio-8080-exec-9] ReadInConnections - 258,Bendicty,Stainland,bstainland75@weibo.com
[INFO ] 2018-04-09 20:55:22.187 [http-nio-8080-exec-9] ReadInConnections - 259,Peyter,Moorrud,pmoorrud76@intel.com
[INFO ] 2018-04-09 20:55:22.187 [http-nio-8080-exec-9] ReadInConnections - 260,Elliott,Scampion,escampion77@ftc.gov
[INFO ] 2018-04-09 20:55:22.187 [http-nio-8080-exec-9] ReadInConnections - 261,Rozanne,Yellowlee,ryellowlee78@buzzfeed.com
[INFO ] 2018-04-09 20:55:22.187 [http-nio-8080-exec-9] ReadInConnections - 262,David,Jaime,djaime79@goodreads.com
[INFO ] 2018-04-09 20:55:22.187 [http-nio-8080-exec-9] ReadInConnections - 263,Van,Matschke,vmatschke7a@elpais.com
[INFO ] 2018-04-09 20:55:22.187 [http-nio-8080-exec-9] ReadInConnections - 264,Jere,Redmain,jredmain7b@soup.io
[INFO ] 2018-04-09 20:55:22.188 [http-nio-8080-exec-9] ReadInConnections - 265,Arnie,Sibbson,asibbson7c@imdb.com
[INFO ] 2018-04-09 20:55:22.188 [http-nio-8080-exec-9] ReadInConnections - 266,Vally,Lawranson,vlawranson7d@domainmarket.com
[INFO ] 2018-04-09 20:55:22.188 [http-nio-8080-exec-9] ReadInConnections - 267,Kaiser,L'oiseau,kloiseau7e@cornell.edu
[INFO ] 2018-04-09 20:55:22.188 [http-nio-8080-exec-9] ReadInConnections - 268,Mira,Jerosch,mjerosch7f@uiuc.edu
[INFO ] 2018-04-09 20:55:22.188 [http-nio-8080-exec-9] ReadInConnections - 269,Cory,Blick,cblick7g@usnews.com
[INFO ] 2018-04-09 20:55:22.188 [http-nio-8080-exec-9] ReadInConnections - 270,Salomon,Piborn,spiborn7h@theatlantic.com
[INFO ] 2018-04-09 20:55:22.188 [http-nio-8080-exec-9] ReadInConnections - 271,Anya,MacCroary,amaccroary7i@state.gov
[INFO ] 2018-04-09 20:55:22.188 [http-nio-8080-exec-9] ReadInConnections - 272,Essa,Cluse,ecluse7j@canalblog.com
[INFO ] 2018-04-09 20:55:22.189 [http-nio-8080-exec-9] ReadInConnections - 273,Gabbie,Chastenet,gchastenet7k@salon.com
[INFO ] 2018-04-09 20:55:22.189 [http-nio-8080-exec-9] ReadInConnections - 274,Clem,Hinrichsen,chinrichsen7l@discovery.com
[INFO ] 2018-04-09 20:55:22.189 [http-nio-8080-exec-9] ReadInConnections - 275,Vera,Pledger,vpledger7m@jalbum.net
[INFO ] 2018-04-09 20:55:22.189 [http-nio-8080-exec-9] ReadInConnections - 276,Fidole,Witherby,fwitherby7n@wikispaces.com
[INFO ] 2018-04-09 20:55:22.189 [http-nio-8080-exec-9] ReadInConnections - 277,Veda,Di Filippo,vdifilippo7o@t.co
[INFO ] 2018-04-09 20:55:22.189 [http-nio-8080-exec-9] ReadInConnections - 278,Freeland,Overnell,fovernell7p@dmoz.org
[INFO ] 2018-04-09 20:55:22.189 [http-nio-8080-exec-9] ReadInConnections - 279,Else,Vipan,evipan7q@slideshare.net
[INFO ] 2018-04-09 20:55:22.189 [http-nio-8080-exec-9] ReadInConnections - 280,Esther,Well,ewell7r@unblog.fr
[INFO ] 2018-04-09 20:55:22.190 [http-nio-8080-exec-9] ReadInConnections - 281,Timothea,Rollo,trollo7s@icq.com
[INFO ] 2018-04-09 20:55:22.190 [http-nio-8080-exec-9] ReadInConnections - 282,Melody,Skalls,mskalls7t@sun.com
[INFO ] 2018-04-09 20:55:22.190 [http-nio-8080-exec-9] ReadInConnections - 283,Carola,Neat,cneat7u@yandex.ru
[INFO ] 2018-04-09 20:55:22.190 [http-nio-8080-exec-9] ReadInConnections - 284,Scotti,Sellan,ssellan7v@discovery.com
[INFO ] 2018-04-09 20:55:22.190 [http-nio-8080-exec-9] ReadInConnections - 285,Lalo,Andreassen,landreassen7w@behance.net
[INFO ] 2018-04-09 20:55:22.190 [http-nio-8080-exec-9] ReadInConnections - 286,Berk,Scougall,bscougall7x@goo.ne.jp
[INFO ] 2018-04-09 20:55:22.225 [http-nio-8080-exec-9] ReadInConnections - 287,Maria,Cartner,mcartner7y@blogger.com
[INFO ] 2018-04-09 20:55:22.225 [http-nio-8080-exec-9] ReadInConnections - 288,Randi,Yglesias,ryglesias7z@e-recht24.de
[INFO ] 2018-04-09 20:55:22.225 [http-nio-8080-exec-9] ReadInConnections - 289,Shannen,Waddingham,swaddingham80@weebly.com
[INFO ] 2018-04-09 20:55:22.225 [http-nio-8080-exec-9] ReadInConnections - 290,Valencia,McCurdy,vmccurdy81@free.fr
[INFO ] 2018-04-09 20:55:22.225 [http-nio-8080-exec-9] ReadInConnections - 291,Saleem,Khidr,skhidr82@narod.ru
[INFO ] 2018-04-09 20:55:22.225 [http-nio-8080-exec-9] ReadInConnections - 292,Fania,Flindall,fflindall83@fastcompany.com
[INFO ] 2018-04-09 20:55:22.225 [http-nio-8080-exec-9] ReadInConnections - 293,Maxi,Sargent,msargent84@oracle.com
[INFO ] 2018-04-09 20:55:22.225 [http-nio-8080-exec-9] ReadInConnections - 294,Pammy,Andretti,pandretti85@wunderground.com
[INFO ] 2018-04-09 20:55:22.225 [http-nio-8080-exec-9] ReadInConnections - 295,Philomena,Elby,pelby86@reverbnation.com
[INFO ] 2018-04-09 20:55:22.225 [http-nio-8080-exec-9] ReadInConnections - 296,Nina,Stenyng,nstenyng87@hp.com
[INFO ] 2018-04-09 20:55:22.225 [http-nio-8080-exec-9] ReadInConnections - 297,Farrel,Frary,ffrary88@princeton.edu
[INFO ] 2018-04-09 20:55:22.225 [http-nio-8080-exec-9] ReadInConnections - 298,Joana,Matuschek,jmatuschek89@storify.com
[INFO ] 2018-04-09 20:55:22.225 [http-nio-8080-exec-9] ReadInConnections - 299,Kaja,Willas,kwillas8a@wordpress.com
[INFO ] 2018-04-09 20:55:22.226 [http-nio-8080-exec-9] ReadInConnections - 300,Anette,Collet,acollet8b@delicious.com
[INFO ] 2018-04-09 20:55:22.226 [http-nio-8080-exec-9] ReadInConnections - 301,Allison,Kieff,akieff8c@unesco.org
[INFO ] 2018-04-09 20:55:22.226 [http-nio-8080-exec-9] ReadInConnections - 302,Inge,Meeus,imeeus8d@phpbb.com
[INFO ] 2018-04-09 20:55:22.226 [http-nio-8080-exec-9] ReadInConnections - 303,Annabell,Boylan,aboylan8e@berkeley.edu
[INFO ] 2018-04-09 20:55:22.226 [http-nio-8080-exec-9] ReadInConnections - 304,Auberta,Storcke,astorcke8f@flickr.com
[INFO ] 2018-04-09 20:55:22.226 [http-nio-8080-exec-9] ReadInConnections - 305,Jennie,Murison,jmurison8g@yale.edu
[INFO ] 2018-04-09 20:55:22.226 [http-nio-8080-exec-9] ReadInConnections - 306,Sherill,Trathan,strathan8h@toplist.cz
[INFO ] 2018-04-09 20:55:22.226 [http-nio-8080-exec-9] ReadInConnections - 307,Jillana,Laweles,jlaweles8i@noaa.gov
[INFO ] 2018-04-09 20:55:22.226 [http-nio-8080-exec-9] ReadInConnections - 308,Jaine,Bax,jbax8j@cargocollective.com
[INFO ] 2018-04-09 20:55:22.226 [http-nio-8080-exec-9] ReadInConnections - 309,Genevra,Drysdale,gdrysdale8k@mozilla.org
[INFO ] 2018-04-09 20:55:22.226 [http-nio-8080-exec-9] ReadInConnections - 310,Ingamar,Buckenham,ibuckenham8l@springer.com
[INFO ] 2018-04-09 20:55:22.227 [http-nio-8080-exec-9] ReadInConnections - 311,Pablo,Gun,pgun8m@comcast.net
[INFO ] 2018-04-09 20:55:22.227 [http-nio-8080-exec-9] ReadInConnections - 312,Jessey,Lazonby,jlazonby8n@dropbox.com
[INFO ] 2018-04-09 20:55:22.227 [http-nio-8080-exec-9] ReadInConnections - 313,Donnajean,Clethro,dclethro8o@i2i.jp
[INFO ] 2018-04-09 20:55:22.227 [http-nio-8080-exec-9] ReadInConnections - 314,Hew,Hendin,hhendin8p@360.cn
[INFO ] 2018-04-09 20:55:22.227 [http-nio-8080-exec-9] ReadInConnections - 315,Free,MacKey,fmackey8q@xrea.com
[INFO ] 2018-04-09 20:55:22.227 [http-nio-8080-exec-9] ReadInConnections - 316,Cirillo,Cordingley,ccordingley8r@smugmug.com
[INFO ] 2018-04-09 20:55:22.227 [http-nio-8080-exec-9] ReadInConnections - 317,Didi,Goodger,dgoodger8s@shinystat.com
[INFO ] 2018-04-09 20:55:22.228 [http-nio-8080-exec-9] ReadInConnections - 318,Mechelle,Langdridge,mlangdridge8t@nationalgeographic.com
[INFO ] 2018-04-09 20:55:22.228 [http-nio-8080-exec-9] ReadInConnections - 319,Theo,Armitage,tarmitage8u@bloomberg.com
[INFO ] 2018-04-09 20:55:22.228 [http-nio-8080-exec-9] ReadInConnections - 320,Beverlie,Morsey,bmorsey8v@indiatimes.com
[INFO ] 2018-04-09 20:55:22.228 [http-nio-8080-exec-9] ReadInConnections - 321,Lynelle,Chomicz,lchomicz8w@is.gd
[INFO ] 2018-04-09 20:55:22.228 [http-nio-8080-exec-9] ReadInConnections - 322,Emalia,Cowton,ecowton8x@hao123.com
[INFO ] 2018-04-09 20:55:22.228 [http-nio-8080-exec-9] ReadInConnections - 323,Paolina,Vedekhin,pvedekhin8y@tripod.com
[INFO ] 2018-04-09 20:55:22.228 [http-nio-8080-exec-9] ReadInConnections - 324,Zora,Swayton,zswayton8z@pinterest.com
[INFO ] 2018-04-09 20:55:22.228 [http-nio-8080-exec-9] ReadInConnections - 325,Dorian,Dray,ddray90@blogspot.com
[INFO ] 2018-04-09 20:55:22.228 [http-nio-8080-exec-9] ReadInConnections - 326,Vin,McIlwraith,vmcilwraith91@si.edu
[INFO ] 2018-04-09 20:55:22.228 [http-nio-8080-exec-9] ReadInConnections - 327,Lazarus,Chese,lchese92@nyu.edu
[INFO ] 2018-04-09 20:55:22.229 [http-nio-8080-exec-9] ReadInConnections - 328,Joana,Biaggelli,jbiaggelli93@unblog.fr
[INFO ] 2018-04-09 20:55:22.229 [http-nio-8080-exec-9] ReadInConnections - 329,Jessy,Freak,jfreak94@princeton.edu
[INFO ] 2018-04-09 20:55:22.229 [http-nio-8080-exec-9] ReadInConnections - 330,Carolus,Dannell,cdannell95@ifeng.com
[INFO ] 2018-04-09 20:55:22.229 [http-nio-8080-exec-9] ReadInConnections - 331,Hillary,Elliman,helliman96@stumbleupon.com
[INFO ] 2018-04-09 20:55:22.229 [http-nio-8080-exec-9] ReadInConnections - 332,Jacky,Rickell,jrickell97@cbsnews.com
[INFO ] 2018-04-09 20:55:22.229 [http-nio-8080-exec-9] ReadInConnections - 333,Cort,Delort,cdelort98@lulu.com
[INFO ] 2018-04-09 20:55:22.229 [http-nio-8080-exec-9] ReadInConnections - 334,Rani,Ackermann,rackermann99@tinyurl.com
[INFO ] 2018-04-09 20:55:22.229 [http-nio-8080-exec-9] ReadInConnections - 335,Liana,Dallewater,ldallewater9a@sakura.ne.jp
[INFO ] 2018-04-09 20:55:22.229 [http-nio-8080-exec-9] ReadInConnections - 336,Felicio,Scaice,fscaice9b@arstechnica.com
[INFO ] 2018-04-09 20:55:22.229 [http-nio-8080-exec-9] ReadInConnections - 337,Cordula,Lineham,clineham9c@dagondesign.com
[INFO ] 2018-04-09 20:55:22.229 [http-nio-8080-exec-9] ReadInConnections - 338,Minnie,Jackling,mjackling9d@vimeo.com
[INFO ] 2018-04-09 20:55:22.229 [http-nio-8080-exec-9] ReadInConnections - 339,Jeffy,Pruce,jpruce9e@bloglines.com
[INFO ] 2018-04-09 20:55:22.229 [http-nio-8080-exec-9] ReadInConnections - 340,Verina,Mazzeo,vmazzeo9f@census.gov
[INFO ] 2018-04-09 20:55:22.229 [http-nio-8080-exec-9] ReadInConnections - 341,Leola,Fernely,lfernely9g@qq.com
[INFO ] 2018-04-09 20:55:22.230 [http-nio-8080-exec-9] ReadInConnections - 342,Lemmie,Erskin,lerskin9h@gnu.org
[INFO ] 2018-04-09 20:55:22.230 [http-nio-8080-exec-9] ReadInConnections - 343,Gray,McSkeagan,gmcskeagan9i@bravesites.com
[INFO ] 2018-04-09 20:55:22.230 [http-nio-8080-exec-9] ReadInConnections - 344,Mavis,Duckinfield,mduckinfield9j@behance.net
[INFO ] 2018-04-09 20:55:22.230 [http-nio-8080-exec-9] ReadInConnections - 345,Eduino,Sarfas,esarfas9k@yellowbook.com
[INFO ] 2018-04-09 20:55:22.230 [http-nio-8080-exec-9] ReadInConnections - 346,Lucina,Horbath,lhorbath9l@csmonitor.com
[INFO ] 2018-04-09 20:55:22.230 [http-nio-8080-exec-9] ReadInConnections - 347,Terrie,Imos,timos9m@facebook.com
[INFO ] 2018-04-09 20:55:22.230 [http-nio-8080-exec-9] ReadInConnections - 348,Jo,Gillies,jgillies9n@cdc.gov
[INFO ] 2018-04-09 20:55:22.230 [http-nio-8080-exec-9] ReadInConnections - 349,Ailene,Granham,agranham9o@tinyurl.com
[INFO ] 2018-04-09 20:55:22.230 [http-nio-8080-exec-9] ReadInConnections - 350,Chancey,Dulinty,cdulinty9p@forbes.com
[INFO ] 2018-04-09 20:55:22.230 [http-nio-8080-exec-9] ReadInConnections - 351,Ed,Urch,eurch9q@miitbeian.gov.cn
[INFO ] 2018-04-09 20:55:22.230 [http-nio-8080-exec-9] ReadInConnections - 352,Murray,Hentzeler,mhentzeler9r@sciencedaily.com
[INFO ] 2018-04-09 20:55:22.230 [http-nio-8080-exec-9] ReadInConnections - 353,Joshua,Saxton,jsaxton9s@oakley.com
[INFO ] 2018-04-09 20:55:22.230 [http-nio-8080-exec-9] ReadInConnections - 354,Loria,Agirre,lagirre9t@bloglines.com
[INFO ] 2018-04-09 20:55:22.230 [http-nio-8080-exec-9] ReadInConnections - 355,Goldia,Naisby,gnaisby9u@dailymotion.com
[INFO ] 2018-04-09 20:55:22.230 [http-nio-8080-exec-9] ReadInConnections - 356,Mirelle,Kunzler,mkunzler9v@admin.ch
[INFO ] 2018-04-09 20:55:22.231 [http-nio-8080-exec-9] ReadInConnections - 357,Marlin,Wawer,mwawer9w@domainmarket.com
[INFO ] 2018-04-09 20:55:22.231 [http-nio-8080-exec-9] ReadInConnections - 358,Theodor,Dallyn,tdallyn9x@squarespace.com
[INFO ] 2018-04-09 20:55:22.231 [http-nio-8080-exec-9] ReadInConnections - 359,Greg,Vernay,gvernay9y@hexun.com
[INFO ] 2018-04-09 20:55:22.231 [http-nio-8080-exec-9] ReadInConnections - 360,Cary,Humphery,chumphery9z@studiopress.com
[INFO ] 2018-04-09 20:55:22.231 [http-nio-8080-exec-9] ReadInConnections - 361,Kristos,Lysaght,klysaghta0@ning.com
[INFO ] 2018-04-09 20:55:22.231 [http-nio-8080-exec-9] ReadInConnections - 362,Camille,holmes,cholmesa1@eventbrite.com
[INFO ] 2018-04-09 20:55:22.231 [http-nio-8080-exec-9] ReadInConnections - 363,Benedikt,Allabarton,ballabartona2@e-recht24.de
[INFO ] 2018-04-09 20:55:22.231 [http-nio-8080-exec-9] ReadInConnections - 364,Eugenie,Plevey,epleveya3@trellian.com
[INFO ] 2018-04-09 20:55:22.231 [http-nio-8080-exec-9] ReadInConnections - 365,Glennis,Heeran,gheerana4@zdnet.com
[INFO ] 2018-04-09 20:55:22.231 [http-nio-8080-exec-9] ReadInConnections - 366,Charlotte,Godfree,cgodfreea5@seesaa.net
[INFO ] 2018-04-09 20:55:22.231 [http-nio-8080-exec-9] ReadInConnections - 367,Thornton,Iglesiaz,tiglesiaza6@amazonaws.com
[INFO ] 2018-04-09 20:55:22.231 [http-nio-8080-exec-9] ReadInConnections - 368,Eddy,Fettis,efettisa7@icq.com
[INFO ] 2018-04-09 20:55:22.231 [http-nio-8080-exec-9] ReadInConnections - 369,Pauly,Gonnin,pgonnina8@dmoz.org
[INFO ] 2018-04-09 20:55:22.231 [http-nio-8080-exec-9] ReadInConnections - 370,Lurleen,Medmore,lmedmorea9@amazon.de
[INFO ] 2018-04-09 20:55:22.231 [http-nio-8080-exec-9] ReadInConnections - 371,Valery,Bartholat,vbartholataa@amazon.de
[INFO ] 2018-04-09 20:55:22.231 [http-nio-8080-exec-9] ReadInConnections - 372,Anastasia,Cawthery,acawtheryab@myspace.com
[INFO ] 2018-04-09 20:55:22.232 [http-nio-8080-exec-9] ReadInConnections - 373,Briggs,Noirel,bnoirelac@odnoklassniki.ru
[INFO ] 2018-04-09 20:55:22.232 [http-nio-8080-exec-9] ReadInConnections - 374,Mirilla,Fidelus,mfidelusad@google.es
[INFO ] 2018-04-09 20:55:22.232 [http-nio-8080-exec-9] ReadInConnections - 375,Sosanna,Dimnage,sdimnageae@guardian.co.uk
[INFO ] 2018-04-09 20:55:22.232 [http-nio-8080-exec-9] ReadInConnections - 376,Lanny,Gurnay,lgurnayaf@phoca.cz
[INFO ] 2018-04-09 20:55:22.232 [http-nio-8080-exec-9] ReadInConnections - 377,Rorie,Brand-Hardy,rbrandhardyag@wp.com
[INFO ] 2018-04-09 20:55:22.232 [http-nio-8080-exec-9] ReadInConnections - 378,Nicoli,Walsh,nwalshah@scientificamerican.com
[INFO ] 2018-04-09 20:55:22.232 [http-nio-8080-exec-9] ReadInConnections - 379,Ede,Jahnel,ejahnelai@reverbnation.com
[INFO ] 2018-04-09 20:55:22.232 [http-nio-8080-exec-9] ReadInConnections - 380,Evita,Elstub,eelstubaj@example.com
[INFO ] 2018-04-09 20:55:22.232 [http-nio-8080-exec-9] ReadInConnections - 381,Rheta,Hourigan,rhouriganak@nyu.edu
[INFO ] 2018-04-09 20:55:22.233 [http-nio-8080-exec-9] ReadInConnections - 382,Kurt,Ferencowicz,kferencowiczal@wsj.com
[INFO ] 2018-04-09 20:55:22.233 [http-nio-8080-exec-9] ReadInConnections - 383,Theodora,Lanfare,tlanfaream@blog.com
[INFO ] 2018-04-09 20:55:22.234 [http-nio-8080-exec-9] ReadInConnections - 384,Olenolin,Coathup,ocoathupan@arstechnica.com
[INFO ] 2018-04-09 20:55:22.234 [http-nio-8080-exec-9] ReadInConnections - 385,Fannie,Bockmann,fbockmannao@unesco.org
[INFO ] 2018-04-09 20:55:22.234 [http-nio-8080-exec-9] ReadInConnections - 386,Tonnie,MacAndreis,tmacandreisap@taobao.com
[INFO ] 2018-04-09 20:55:22.234 [http-nio-8080-exec-9] ReadInConnections - 387,Carrissa,Hawke,chawkeaq@webmd.com
[INFO ] 2018-04-09 20:55:22.234 [http-nio-8080-exec-9] ReadInConnections - 388,Pammie,Parlour,pparlourar@gravatar.com
[INFO ] 2018-04-09 20:55:22.234 [http-nio-8080-exec-9] ReadInConnections - 389,Clerc,Rathbourne,crathbourneas@nhs.uk
[INFO ] 2018-04-09 20:55:22.234 [http-nio-8080-exec-9] ReadInConnections - 390,Ryun,Betteriss,rbetterissat@stumbleupon.com
[INFO ] 2018-04-09 20:55:22.234 [http-nio-8080-exec-9] ReadInConnections - 391,Efrem,Hattam,ehattamau@desdev.cn
[INFO ] 2018-04-09 20:55:22.234 [http-nio-8080-exec-9] ReadInConnections - 392,Dennie,Damrel,ddamrelav@w3.org
[INFO ] 2018-04-09 20:55:22.234 [http-nio-8080-exec-9] ReadInConnections - 393,Lebbie,Hingeley,lhingeleyaw@va.gov
[INFO ] 2018-04-09 20:55:22.234 [http-nio-8080-exec-9] ReadInConnections - 394,Ernestus,Willeman,ewillemanax@sbwire.com
[INFO ] 2018-04-09 20:55:22.234 [http-nio-8080-exec-9] ReadInConnections - 395,Berrie,Puttergill,bputtergillay@1und1.de
[INFO ] 2018-04-09 20:55:22.234 [http-nio-8080-exec-9] ReadInConnections - 396,Harrietta,Bartholomew,hbartholomewaz@nba.com
[INFO ] 2018-04-09 20:55:22.234 [http-nio-8080-exec-9] ReadInConnections - 397,Field,Allwright,fallwrightb0@pen.io
[INFO ] 2018-04-09 20:55:22.234 [http-nio-8080-exec-9] ReadInConnections - 398,Chloe,Bramsen,cbramsenb1@ocn.ne.jp
[INFO ] 2018-04-09 20:55:22.234 [http-nio-8080-exec-9] ReadInConnections - 399,Jervis,Goodwin,jgoodwinb2@ehow.com
[INFO ] 2018-04-09 20:55:22.235 [http-nio-8080-exec-9] ReadInConnections - 400,Kial,Seath,kseathb3@fc2.com
[INFO ] 2018-04-09 20:55:22.235 [http-nio-8080-exec-9] ReadInConnections - 401,Ive,Pele,ipeleb4@plala.or.jp
[INFO ] 2018-04-09 20:55:22.235 [http-nio-8080-exec-9] ReadInConnections - 402,Dyan,Brasse,dbrasseb5@pagesperso-orange.fr
[INFO ] 2018-04-09 20:55:22.235 [http-nio-8080-exec-9] ReadInConnections - 403,Felizio,Lasseter,flasseterb6@blinklist.com
[INFO ] 2018-04-09 20:55:22.235 [http-nio-8080-exec-9] ReadInConnections - 404,Joline,Chipp,jchippb7@shinystat.com
[INFO ] 2018-04-09 20:55:22.235 [http-nio-8080-exec-9] ReadInConnections - 405,Ichabod,Riolfi,iriolfib8@over-blog.com
[INFO ] 2018-04-09 20:55:22.235 [http-nio-8080-exec-9] ReadInConnections - 406,Koral,Hannah,khannahb9@people.com.cn
[INFO ] 2018-04-09 20:55:22.235 [http-nio-8080-exec-9] ReadInConnections - 407,Morganne,Dominichetti,mdominichettiba@unblog.fr
[INFO ] 2018-04-09 20:55:22.235 [http-nio-8080-exec-9] ReadInConnections - 408,Doralyn,Clever,dcleverbb@mediafire.com
[INFO ] 2018-04-09 20:55:22.235 [http-nio-8080-exec-9] ReadInConnections - 409,Cesaro,Orleton,corletonbc@msn.com
[INFO ] 2018-04-09 20:55:22.235 [http-nio-8080-exec-9] ReadInConnections - 410,Joachim,Najara,jnajarabd@netvibes.com
[INFO ] 2018-04-09 20:55:22.235 [http-nio-8080-exec-9] ReadInConnections - 411,Aloysia,Tomsa,atomsabe@icq.com
[INFO ] 2018-04-09 20:55:22.235 [http-nio-8080-exec-9] ReadInConnections - 412,Michelina,Schlagh,mschlaghbf@princeton.edu
[INFO ] 2018-04-09 20:55:22.235 [http-nio-8080-exec-9] ReadInConnections - 413,Uri,Pleming,uplemingbg@sohu.com
[INFO ] 2018-04-09 20:55:22.235 [http-nio-8080-exec-9] ReadInConnections - 414,Kiri,Eborn,kebornbh@posterous.com
[INFO ] 2018-04-09 20:55:22.235 [http-nio-8080-exec-9] ReadInConnections - 415,Will,Witson,wwitsonbi@huffingtonpost.com
[INFO ] 2018-04-09 20:55:22.235 [http-nio-8080-exec-9] ReadInConnections - 416,Tallou,Pratte,tprattebj@google.ru
[INFO ] 2018-04-09 20:55:22.235 [http-nio-8080-exec-9] ReadInConnections - 417,Malchy,Moxon,mmoxonbk@ftc.gov
[INFO ] 2018-04-09 20:55:22.235 [http-nio-8080-exec-9] ReadInConnections - 418,Lizette,Dickon,ldickonbl@youtube.com
[INFO ] 2018-04-09 20:55:22.235 [http-nio-8080-exec-9] ReadInConnections - 419,Brant,Greenless,bgreenlessbm@usnews.com
[INFO ] 2018-04-09 20:55:22.236 [http-nio-8080-exec-9] ReadInConnections - 420,Freddi,Chessell,fchessellbn@hud.gov
[INFO ] 2018-04-09 20:55:22.236 [http-nio-8080-exec-9] ReadInConnections - 421,Bellanca,Gillitt,bgillittbo@pinterest.com
[INFO ] 2018-04-09 20:55:22.236 [http-nio-8080-exec-9] ReadInConnections - 422,Kassandra,Jimenez,kjimenezbp@icq.com
[INFO ] 2018-04-09 20:55:22.236 [http-nio-8080-exec-9] ReadInConnections - 423,Danette,Morot,dmorotbq@mapy.cz
[INFO ] 2018-04-09 20:55:22.236 [http-nio-8080-exec-9] ReadInConnections - 424,Candace,Robshaw,crobshawbr@shutterfly.com
[INFO ] 2018-04-09 20:55:22.236 [http-nio-8080-exec-9] ReadInConnections - 425,Hansiain,Mumberson,hmumbersonbs@dailymail.co.uk
[INFO ] 2018-04-09 20:55:22.236 [http-nio-8080-exec-9] ReadInConnections - 426,Osmond,Matas,omatasbt@opensource.org
[INFO ] 2018-04-09 20:55:22.237 [http-nio-8080-exec-9] ReadInConnections - 427,Saunder,Brakespear,sbrakespearbu@jigsy.com
[INFO ] 2018-04-09 20:55:22.237 [http-nio-8080-exec-9] ReadInConnections - 428,Yetty,Instock,yinstockbv@biglobe.ne.jp
[INFO ] 2018-04-09 20:55:22.237 [http-nio-8080-exec-9] ReadInConnections - 429,Bellanca,Walworche,bwalworchebw@toplist.cz
[INFO ] 2018-04-09 20:55:22.237 [http-nio-8080-exec-9] ReadInConnections - 430,Shaylah,Mc Queen,smcqueenbx@patch.com
[INFO ] 2018-04-09 20:55:22.237 [http-nio-8080-exec-9] ReadInConnections - 431,Kevina,McCaughren,kmccaughrenby@reference.com
[INFO ] 2018-04-09 20:55:22.237 [http-nio-8080-exec-9] ReadInConnections - 432,Cecily,Popov,cpopovbz@nationalgeographic.com
[INFO ] 2018-04-09 20:55:22.238 [http-nio-8080-exec-9] ReadInConnections - 433,Gwennie,Brewerton,gbrewertonc0@fda.gov
[INFO ] 2018-04-09 20:55:22.238 [http-nio-8080-exec-9] ReadInConnections - 434,Ferdinanda,Hankin,fhankinc1@globo.com
[INFO ] 2018-04-09 20:55:22.238 [http-nio-8080-exec-9] ReadInConnections - 435,Bob,Rumsey,brumseyc2@artisteer.com
[INFO ] 2018-04-09 20:55:22.238 [http-nio-8080-exec-9] ReadInConnections - 436,Celestina,McKeachie,cmckeachiec3@census.gov
[INFO ] 2018-04-09 20:55:22.238 [http-nio-8080-exec-9] ReadInConnections - 437,Krishnah,Greenside,kgreensidec4@bloomberg.com
[INFO ] 2018-04-09 20:55:22.238 [http-nio-8080-exec-9] ReadInConnections - 438,Danita,Poyntz,dpoyntzc5@photobucket.com
[INFO ] 2018-04-09 20:55:22.238 [http-nio-8080-exec-9] ReadInConnections - 439,Sigfrid,Stannard,sstannardc6@house.gov
[INFO ] 2018-04-09 20:55:22.238 [http-nio-8080-exec-9] ReadInConnections - 440,Vachel,Fisbburne,vfisbburnec7@canalblog.com
[INFO ] 2018-04-09 20:55:22.238 [http-nio-8080-exec-9] ReadInConnections - 441,Sibeal,Coggan,scogganc8@nhs.uk
[INFO ] 2018-04-09 20:55:22.238 [http-nio-8080-exec-9] ReadInConnections - 442,Jasun,Caughte,jcaughtec9@tiny.cc
[INFO ] 2018-04-09 20:55:22.238 [http-nio-8080-exec-9] ReadInConnections - 443,Jerrilee,Hanks,jhanksca@yolasite.com
[INFO ] 2018-04-09 20:55:22.238 [http-nio-8080-exec-9] ReadInConnections - 444,Amy,Vasyutkin,avasyutkincb@livejournal.com
[INFO ] 2018-04-09 20:55:22.238 [http-nio-8080-exec-9] ReadInConnections - 445,Ashlie,Garfitt,agarfittcc@accuweather.com
[INFO ] 2018-04-09 20:55:22.238 [http-nio-8080-exec-9] ReadInConnections - 446,Tally,Kinman,tkinmancd@cloudflare.com
[INFO ] 2018-04-09 20:55:22.238 [http-nio-8080-exec-9] ReadInConnections - 447,Wilhelmine,O'Hagerty,wohagertyce@nbcnews.com
[INFO ] 2018-04-09 20:55:22.238 [http-nio-8080-exec-9] ReadInConnections - 448,Dimitry,Addams,daddamscf@jigsy.com
[INFO ] 2018-04-09 20:55:22.239 [http-nio-8080-exec-9] ReadInConnections - 449,Ernesto,Popham,epophamcg@house.gov
[INFO ] 2018-04-09 20:55:22.239 [http-nio-8080-exec-9] ReadInConnections - 450,Eryn,Rihanek,erihanekch@earthlink.net
[INFO ] 2018-04-09 20:55:22.239 [http-nio-8080-exec-9] ReadInConnections - 451,Kelvin,Bleakley,kbleakleyci@chronoengine.com
[INFO ] 2018-04-09 20:55:22.239 [http-nio-8080-exec-9] ReadInConnections - 452,Deerdre,Aslett,daslettcj@fc2.com
[INFO ] 2018-04-09 20:55:22.239 [http-nio-8080-exec-9] ReadInConnections - 453,Clement,Epps,ceppsck@twitpic.com
[INFO ] 2018-04-09 20:55:22.239 [http-nio-8080-exec-9] ReadInConnections - 454,Bink,Kemitt,bkemittcl@npr.org
[INFO ] 2018-04-09 20:55:22.239 [http-nio-8080-exec-9] ReadInConnections - 455,Cari,Christer,cchristercm@cpanel.net
[INFO ] 2018-04-09 20:55:22.239 [http-nio-8080-exec-9] ReadInConnections - 456,Deny,Churchlow,dchurchlowcn@army.mil
[INFO ] 2018-04-09 20:55:22.239 [http-nio-8080-exec-9] ReadInConnections - 457,Perry,Soall,psoallco@myspace.com
[INFO ] 2018-04-09 20:55:22.239 [http-nio-8080-exec-9] ReadInConnections - 458,Olivie,Duesberry,oduesberrycp@yolasite.com
[INFO ] 2018-04-09 20:55:22.239 [http-nio-8080-exec-9] ReadInConnections - 459,Grant,Balwin,gbalwincq@gmpg.org
[INFO ] 2018-04-09 20:55:22.239 [http-nio-8080-exec-9] ReadInConnections - 460,Fanechka,Swains,fswainscr@china.com.cn
[INFO ] 2018-04-09 20:55:22.239 [http-nio-8080-exec-9] ReadInConnections - 461,Rorke,Tulk,rtulkcs@nifty.com
[INFO ] 2018-04-09 20:55:22.239 [http-nio-8080-exec-9] ReadInConnections - 462,Mason,Vauter,mvauterct@gnu.org
[INFO ] 2018-04-09 20:55:22.239 [http-nio-8080-exec-9] ReadInConnections - 463,Allx,London,alondoncu@mail.ru
[INFO ] 2018-04-09 20:55:22.240 [http-nio-8080-exec-9] ReadInConnections - 464,Saundra,Hrynczyk,shrynczykcv@jugem.jp
[INFO ] 2018-04-09 20:55:22.240 [http-nio-8080-exec-9] ReadInConnections - 465,Hilary,McIver,hmcivercw@sciencedirect.com
[INFO ] 2018-04-09 20:55:22.240 [http-nio-8080-exec-9] ReadInConnections - 466,Nikoletta,Wilmore,nwilmorecx@github.io
[INFO ] 2018-04-09 20:55:22.240 [http-nio-8080-exec-9] ReadInConnections - 467,Charmion,Branchett,cbranchettcy@prnewswire.com
[INFO ] 2018-04-09 20:55:22.240 [http-nio-8080-exec-9] ReadInConnections - 468,Sabine,Blacklidge,sblacklidgecz@cpanel.net
[INFO ] 2018-04-09 20:55:22.240 [http-nio-8080-exec-9] ReadInConnections - 469,Rene,Janosevic,rjanosevicd0@accuweather.com
[INFO ] 2018-04-09 20:55:22.240 [http-nio-8080-exec-9] ReadInConnections - 470,Bat,Willoughby,bwilloughbyd1@amazon.co.uk
[INFO ] 2018-04-09 20:55:22.240 [http-nio-8080-exec-9] ReadInConnections - 471,Rea,Kaley,rkaleyd2@microsoft.com
[INFO ] 2018-04-09 20:55:22.240 [http-nio-8080-exec-9] ReadInConnections - 472,Malena,Spens,mspensd3@mozilla.com
[INFO ] 2018-04-09 20:55:22.240 [http-nio-8080-exec-9] ReadInConnections - 473,Elbertine,Turn,eturnd4@wikipedia.org
[INFO ] 2018-04-09 20:55:22.240 [http-nio-8080-exec-9] ReadInConnections - 474,Archibaldo,Soughton,asoughtond5@loc.gov
[INFO ] 2018-04-09 20:55:22.240 [http-nio-8080-exec-9] ReadInConnections - 475,Tedra,Scanlin,tscanlind6@tumblr.com
[INFO ] 2018-04-09 20:55:22.240 [http-nio-8080-exec-9] ReadInConnections - 476,Alejoa,Blount,ablountd7@furl.net
[INFO ] 2018-04-09 20:55:22.240 [http-nio-8080-exec-9] ReadInConnections - 477,Mark,Maingot,mmaingotd8@myspace.com
[INFO ] 2018-04-09 20:55:22.240 [http-nio-8080-exec-9] ReadInConnections - 478,Annora,Berkely,aberkelyd9@fema.gov
[INFO ] 2018-04-09 20:55:22.240 [http-nio-8080-exec-9] ReadInConnections - 479,Wendeline,Geraldez,wgeraldezda@mapy.cz
[INFO ] 2018-04-09 20:55:22.240 [http-nio-8080-exec-9] ReadInConnections - 480,Benjie,Wickstead,bwicksteaddb@tuttocitta.it
[INFO ] 2018-04-09 20:55:22.241 [http-nio-8080-exec-9] ReadInConnections - 481,Ginnifer,Trendle,gtrendledc@ed.gov
[INFO ] 2018-04-09 20:55:22.241 [http-nio-8080-exec-9] ReadInConnections - 482,Ellyn,Cusack,ecusackdd@geocities.com
[INFO ] 2018-04-09 20:55:22.241 [http-nio-8080-exec-9] ReadInConnections - 483,Olwen,McCartan,omccartande@omniture.com
[INFO ] 2018-04-09 20:55:22.241 [http-nio-8080-exec-9] ReadInConnections - 484,Vaughan,Hutt,vhuttdf@goo.gl
[INFO ] 2018-04-09 20:55:22.241 [http-nio-8080-exec-9] ReadInConnections - 485,Beauregard,Culshew,bculshewdg@tuttocitta.it
[INFO ] 2018-04-09 20:55:22.241 [http-nio-8080-exec-9] ReadInConnections - 486,Amalie,Patis,apatisdh@ihg.com
[INFO ] 2018-04-09 20:55:22.241 [http-nio-8080-exec-9] ReadInConnections - 487,Phyllis,Mordon,pmordondi@vistaprint.com
[INFO ] 2018-04-09 20:55:22.241 [http-nio-8080-exec-9] ReadInConnections - 488,Lance,Pund,lpunddj@amazon.co.uk
[INFO ] 2018-04-09 20:55:22.241 [http-nio-8080-exec-9] ReadInConnections - 489,Hubie,Feltham,hfelthamdk@soundcloud.com
[INFO ] 2018-04-09 20:55:22.241 [http-nio-8080-exec-9] ReadInConnections - 490,Silvano,Crangle,scrangledl@e-recht24.de
[INFO ] 2018-04-09 20:55:22.241 [http-nio-8080-exec-9] ReadInConnections - 491,Coriss,Rajchert,crajchertdm@addthis.com
[INFO ] 2018-04-09 20:55:22.241 [http-nio-8080-exec-9] ReadInConnections - 492,Leif,Mangeon,lmangeondn@cornell.edu
[INFO ] 2018-04-09 20:55:22.241 [http-nio-8080-exec-9] ReadInConnections - 493,Monroe,Arsey,marseydo@archive.org
[INFO ] 2018-04-09 20:55:22.241 [http-nio-8080-exec-9] ReadInConnections - 494,Kristos,Jannings,kjanningsdp@elpais.com
[INFO ] 2018-04-09 20:55:22.241 [http-nio-8080-exec-9] ReadInConnections - 495,Matthew,Huxter,mhuxterdq@sitemeter.com
[INFO ] 2018-04-09 20:55:22.241 [http-nio-8080-exec-9] ReadInConnections - 496,Nickolai,Shera,nsheradr@surveymonkey.com
[INFO ] 2018-04-09 20:55:22.241 [http-nio-8080-exec-9] ReadInConnections - 497,Nerta,Mulholland,nmulhollandds@yale.edu
[INFO ] 2018-04-09 20:55:22.241 [http-nio-8080-exec-9] ReadInConnections - 498,Denyse,Paradin,dparadindt@army.mil
[INFO ] 2018-04-09 20:55:22.241 [http-nio-8080-exec-9] ReadInConnections - 499,Tania,Blackman,tblackmandu@google.es
[INFO ] 2018-04-09 20:55:22.241 [http-nio-8080-exec-9] ReadInConnections - 500,Twyla,Epple,teppledv@tamu.edu
[INFO ] 2018-04-09 20:55:22.245 [http-nio-8080-exec-9] CallApi -  CONNECTIONS LIST:  [ FROM WITHIN CALLAPI ] [363,Benedikt,Allabarton,ballabartona2@e-recht24.de, 438,Danita,Poyntz,dpoyntzc5@photobucket.com, 402,Dyan,Brasse,dbrasseb5@pagesperso-orange.fr, 377,Rorie,Brand-Hardy,rbrandhardyag@wp.com, 457,Perry,Soall,psoallco@myspace.com, 497,Nerta,Mulholland,nmulhollandds@yale.edu, 161,Orly,Pickett,opickett4g@parallels.com, 444,Amy,Vasyutkin,avasyutkincb@livejournal.com, 453,Clement,Epps,ceppsck@twitpic.com, 428,Yetty,Instock,yinstockbv@biglobe.ne.jp, 386,Tonnie,MacAndreis,tmacandreisap@taobao.com, 137,Darin,Crippill,dcrippill3s@wufoo.com, 173,Mady,Besantie,mbesantie4s@infoseek.co.jp, 286,Berk,Scougall,bscougall7x@goo.ne.jp, 337,Cordula,Lineham,clineham9c@dagondesign.com, 232,Lucho,MacRierie,lmacrierie6f@va.gov, 9,Scott,Kochl,skochl8@archive.org, 196,Ryun,Tarbett,rtarbett5f@ezinearticles.com, 434,Ferdinanda,Hankin,fhankinc1@globo.com, 150,Jory,Grimes,jgrimes45@narod.ru, linkedin_id,first_name,last_name,email, 288,Randi,Yglesias,ryglesias7z@e-recht24.de, 298,Joana,Matuschek,jmatuschek89@storify.com, 395,Berrie,Puttergill,bputtergillay@1und1.de, 164,Alain,Colnett,acolnett4j@studiopress.com, 403,Felizio,Lasseter,flasseterb6@blinklist.com, 226,Evyn,Gliddon,egliddon69@moonfruit.com, 382,Kurt,Ferencowicz,kferencowiczal@wsj.com, 98,Arleen,Domelow,adomelow2p@cbc.ca, 229,Saba,Dearnley,sdearnley6c@aol.com, 459,Grant,Balwin,gbalwincq@gmpg.org, 455,Cari,Christer,cchristercm@cpanel.net, 277,Veda,Di Filippo,vdifilippo7o@t.co, 263,Van,Matschke,vmatschke7a@elpais.com, 235,Georgine,Harradence,gharradence6i@xrea.com, 358,Theodor,Dallyn,tdallyn9x@squarespace.com, 231,Jeanie,Haddon,jhaddon6e@issuu.com, 210,Terrye,Farndell,tfarndell5t@nytimes.com, 230,Georgeanna,Rosita,grosita6d@samsung.com, 86,Lizabeth,Rosgen,lrosgen2d@archive.org, 435,Bob,Rumsey,brumseyc2@artisteer.com, 499,Tania,Blackman,tblackmandu@google.es, 463,Allx,London,alondoncu@mail.ru, 456,Deny,Churchlow,dchurchlowcn@army.mil, 264,Jere,Redmain,jredmain7b@soup.io, 413,Uri,Pleming,uplemingbg@sohu.com, 113,Windy,Coultass,wcoultass34@php.net, 406,Koral,Hannah,khannahb9@people.com.cn, 217,Anderson,Weed,aweed60@apple.com, 154,Avrit,Harryman,aharryman49@desdev.cn, 227,Chico,Enderle,cenderle6a@fastcompany.com, 59,Katherina,Redhills,kredhills1m@webmd.com, 431,Kevina,McCaughren,kmccaughrenby@reference.com, 242,Laurie,Matous,lmatous6p@360.cn, 172,Claudina,Redmire,credmire4r@prnewswire.com, 340,Verina,Mazzeo,vmazzeo9f@census.gov, 427,Saunder,Brakespear,sbrakespearbu@jigsy.com, 461,Rorke,Tulk,rtulkcs@nifty.com, 160,Flossy,Leggate,fleggate4f@mashable.com, 191,Anette,Petegrew,apetegrew5a@cnet.com, 188,Maison,Poston,mposton57@rakuten.co.jp, 216,Mabelle,Vautin,mvautin5z@wunderground.com, 32,Laurette,Terry,lterryv@auda.org.au, 81,Bethanne,Vittori,bvittori28@examiner.com, 278,Freeland,Overnell,fovernell7p@dmoz.org, 421,Bellanca,Gillitt,bgillittbo@pinterest.com, 408,Doralyn,Clever,dcleverbb@mediafire.com, 97,Wilburt,Zealy,wzealy2o@cnet.com, 353,Joshua,Saxton,jsaxton9s@oakley.com, 253,Leighton,Penzer,lpenzer70@washington.edu, 213,Paul,Hartus,phartus5w@theatlantic.com, 306,Sherill,Trathan,strathan8h@toplist.cz, 111,Montgomery,Goodright,mgoodright32@xrea.com, 385,Fannie,Bockmann,fbockmannao@unesco.org, 197,Annabel,Comfort,acomfort5g@tripod.com, 25,Brock,Moncreiff,bmoncreiffo@ask.com, 48,Emmalee,McNerlin,emcnerlin1b@netlog.com, 138,Gerri,Richarz,gricharz3t@wufoo.com, 294,Pammy,Andretti,pandretti85@wunderground.com, 7,Esteban,Pandey,epandey6@freewebs.com, 485,Beauregard,Culshew,bculshewdg@tuttocitta.it, 30,Husain,Pane,hpanet@smugmug.com, 219,Georgeta,Caroli,gcaroli62@pagesperso-orange.fr, 267,Kaiser,L'oiseau,kloiseau7e@cornell.edu, 124,Jasmin,Packman,jpackman3f@live.com, 252,Lawry,Slany,lslany6z@t-online.de, 190,Natividad,Rushbrook,nrushbrook59@cbc.ca, 359,Greg,Vernay,gvernay9y@hexun.com, 55,Arv,Willars,awillars1i@loc.gov, 71,Konstance,Fluck,kfluck1y@jimdo.com, 95,Michale,Lamprecht,mlamprecht2m@wired.com, 400,Kial,Seath,kseathb3@fc2.com, 116,Lowe,Delgardillo,ldelgardillo37@tiny.cc, 338,Minnie,Jackling,mjackling9d@vimeo.com, 420,Freddi,Chessell,fchessellbn@hud.gov, 221,Anne-corinne,Barnhill,abarnhill64@altervista.org, 414,Kiri,Eborn,kebornbh@posterous.com, 247,Ollie,Jeandel,ojeandel6u@cargocollective.com, 326,Vin,McIlwraith,vmcilwraith91@si.edu, 494,Kristos,Jannings,kjanningsdp@elpais.com, 320,Beverlie,Morsey,bmorsey8v@indiatimes.com, 346,Lucina,Horbath,lhorbath9l@csmonitor.com, 40,Angy,Ralston,aralston13@shinystat.com, 42,Humfried,Rolf,hrolf15@usatoday.com, 158,Robbie,Pirelli,rpirelli4d@va.gov, 168,Zared,Mercik,zmercik4n@angelfire.com, 460,Fanechka,Swains,fswainscr@china.com.cn, 126,Xever,Alston,xalston3h@usda.gov, 140,Tatiania,Stamp,tstamp3v@icq.com, 5,Clementina,Haynes,chaynes4@salon.com, 44,Humfrey,Penni,hpenni17@scientificamerican.com, 110,Linnie,Riccardelli,lriccardelli31@typepad.com, 80,Peg,Farron,pfarron27@digg.com, 52,Sanders,Bezzant,sbezzant1f@mac.com, 409,Cesaro,Orleton,corletonbc@msn.com, 120,Cristobal,Tottle,ctottle3b@nifty.com, 370,Lurleen,Medmore,lmedmorea9@amazon.de, 467,Charmion,Branchett,cbranchettcy@prnewswire.com, 170,Barby,Habberjam,bhabberjam4p@blogspot.com, 31,Zacharie,Ivers,ziversu@1und1.de, 65,Moritz,Box,mbox1s@newsvine.com, 436,Celestina,McKeachie,cmckeachiec3@census.gov, 24,Chance,Arbor,carborn@ucla.edu, 101,Cristie,Dabner,cdabner2s@free.fr, 450,Eryn,Rihanek,erihanekch@earthlink.net, 296,Nina,Stenyng,nstenyng87@hp.com, 249,Rodolph,Chazelle,rchazelle6w@salon.com, 260,Elliott,Scampion,escampion77@ftc.gov, 339,Jeffy,Pruce,jpruce9e@bloglines.com, 214,Fidelity,Tainton,ftainton5x@nba.com, 61,Giselbert,Dyster,gdyster1o@gnu.org, 464,Saundra,Hrynczyk,shrynczykcv@jugem.jp, 14,Barthel,Main,bmaind@about.com, 142,Felicio,Whiteford,fwhiteford3x@google.co.uk, 238,Cindelyn,MacRierie,cmacrierie6l@histats.com, 500,Twyla,Epple,teppledv@tamu.edu, 26,Rosemarie,McGilvra,rmcgilvrap@nyu.edu, 373,Briggs,Noirel,bnoirelac@odnoklassniki.ru, 233,Teena,Pechet,tpechet6g@europa.eu, 399,Jervis,Goodwin,jgoodwinb2@ehow.com, 348,Jo,Gillies,jgillies9n@cdc.gov, 305,Jennie,Murison,jmurison8g@yale.edu, 255,Kris,Stockin,kstockin72@squidoo.com, 424,Candace,Robshaw,crobshawbr@shutterfly.com, 139,Humphrey,Messruther,hmessruther3u@xing.com, 201,Sephira,Harston,sharston5k@dyndns.org, 82,Marleah,Withey,mwithey29@state.tx.us, 496,Nickolai,Shera,nsheradr@surveymonkey.com, 295,Philomena,Elby,pelby86@reverbnation.com, 357,Marlin,Wawer,mwawer9w@domainmarket.com, 171,Zolly,Fabbri,zfabbri4q@dailymail.co.uk, 202,Joannes,Wallace,jwallace5l@webmd.com, 379,Ede,Jahnel,ejahnelai@reverbnation.com, 449,Ernesto,Popham,epophamcg@house.gov, 251,Lionel,Stoltz,lstoltz6y@webeden.co.uk, 375,Sosanna,Dimnage,sdimnageae@guardian.co.uk, 439,Sigfrid,Stannard,sstannardc6@house.gov, 441,Sibeal,Coggan,scogganc8@nhs.uk, 303,Annabell,Boylan,aboylan8e@berkeley.edu, 19,Clayton,Scardifeild,cscardifeildi@telegraph.co.uk, 368,Eddy,Fettis,efettisa7@icq.com, 206,Felicity,Cathersides,fcathersides5p@icio.us, 131,Amata,Buss,abuss3m@cisco.com, 258,Bendicty,Stainland,bstainland75@weibo.com, 127,Alyson,Riggoll,ariggoll3i@europa.eu, 484,Vaughan,Hutt,vhuttdf@goo.gl, 270,Salomon,Piborn,spiborn7h@theatlantic.com, 366,Charlotte,Godfree,cgodfreea5@seesaa.net, 92,Bryan,Melliard,bmelliard2j@bandcamp.com, 153,Adler,Gainsford,againsford48@loc.gov, 20,Grayce,Jerred,gjerredj@photobucket.com, 433,Gwennie,Brewerton,gbrewertonc0@fda.gov, 240,Trumaine,Abbet,tabbet6n@privacy.gov.au, 407,Morganne,Dominichetti,mdominichettiba@unblog.fr, 146,Harriott,Josephs,hjosephs41@last.fm, 165,Sheffield,Glavis,sglavis4k@java.com, 268,Mira,Jerosch,mjerosch7f@uiuc.edu, 412,Michelina,Schlagh,mschlaghbf@princeton.edu, 447,Wilhelmine,O'Hagerty,wohagertyce@nbcnews.com, 472,Malena,Spens,mspensd3@mozilla.com, 470,Bat,Willoughby,bwilloughbyd1@amazon.co.uk, 91,Rana,Puxley,rpuxley2i@loc.gov, 493,Monroe,Arsey,marseydo@archive.org, 311,Pablo,Gun,pgun8m@comcast.net, 78,Britt,Cayley,bcayley25@un.org, 380,Evita,Elstub,eelstubaj@example.com, 488,Lance,Pund,lpunddj@amazon.co.uk, 178,Richy,McClymont,rmcclymont4x@artisteer.com, 43,Harli,Ewers,hewers16@netscape.com, 207,Yorgo,Dalla,ydalla5q@businessweek.com, 148,Sybila,Bartunek,sbartunek43@jugem.jp, 323,Paolina,Vedekhin,pvedekhin8y@tripod.com, 259,Peyter,Moorrud,pmoorrud76@intel.com, 49,Stepha,Domone,sdomone1c@icio.us, 46,Adelaida,Wise,awise19@skype.com, 185,Kimmy,McMillan,kmcmillan54@pen.io, 141,Tiebold,Puzey,tpuzey3w@reference.com, 186,Calley,Benford,cbenford55@nsw.gov.au, 209,Torey,Starmont,tstarmont5s@comsenz.com, 471,Rea,Kaley,rkaleyd2@microsoft.com, 498,Denyse,Paradin,dparadindt@army.mil, 329,Jessy,Freak,jfreak94@princeton.edu, 378,Nicoli,Walsh,nwalshah@scientificamerican.com, 302,Inge,Meeus,imeeus8d@phpbb.com, 324,Zora,Swayton,zswayton8z@pinterest.com, 38,Lucho,Wixey,lwixey11@netscape.com, 149,Toby,Dreschler,tdreschler44@pinterest.com, 250,Rowan,Peare,rpeare6x@ucoz.ru, 429,Bellanca,Walworche,bwalworchebw@toplist.cz, 8,Marillin,Jon,mjon7@gnu.org, 1,Jose,Ludy,jludy0@mozilla.org, 367,Thornton,Iglesiaz,tiglesiaza6@amazonaws.com, 27,Tracey,Sweedland,tsweedlandq@yahoo.co.jp, 489,Hubie,Feltham,hfelthamdk@soundcloud.com, 215,Alejandro,Twaits,atwaits5y@reddit.com, 261,Rozanne,Yellowlee,ryellowlee78@buzzfeed.com, 12,Sebastien,Asplin,sasplinb@auda.org.au, 167,Byran,Brockett,bbrockett4m@skyrock.com, 384,Olenolin,Coathup,ocoathupan@arstechnica.com, 312,Jessey,Lazonby,jlazonby8n@dropbox.com, 446,Tally,Kinman,tkinmancd@cloudflare.com, 119,Ravid,Tynewell,rtynewell3a@zimbio.com, 293,Maxi,Sargent,msargent84@oracle.com, 317,Didi,Goodger,dgoodger8s@shinystat.com, 290,Valencia,McCurdy,vmccurdy81@free.fr, 299,Kaja,Willas,kwillas8a@wordpress.com, 37,Pieter,Willoughley,pwilloughley10@wsj.com, 76,Kenn,MacCallion,kmaccallion23@pen.io, 123,Jeana,Korous,jkorous3e@shutterfly.com, 272,Essa,Cluse,ecluse7j@canalblog.com, 199,Felizio,Blondell,fblondell5i@jigsy.com, 394,Ernestus,Willeman,ewillemanax@sbwire.com, 495,Matthew,Huxter,mhuxterdq@sitemeter.com, 313,Donnajean,Clethro,dclethro8o@i2i.jp, 332,Jacky,Rickell,jrickell97@cbsnews.com, 354,Loria,Agirre,lagirre9t@bloglines.com, 372,Anastasia,Cawthery,acawtheryab@myspace.com, 159,Hilda,Lewcock,hlewcock4e@themeforest.net, 331,Hillary,Elliman,helliman96@stumbleupon.com, 23,Vinny,Dobbing,vdobbingm@gravatar.com, 462,Mason,Vauter,mvauterct@gnu.org, 465,Hilary,McIver,hmcivercw@sciencedirect.com, 245,Olivier,Falla,ofalla6s@example.com, 151,Evanne,Portis,eportis46@mapquest.com, 256,Ardys,Fessby,afessby73@ucoz.ru, 265,Arnie,Sibbson,asibbson7c@imdb.com, 58,Ginger,McGiffin,gmcgiffin1l@youtu.be, 387,Carrissa,Hawke,chawkeaq@webmd.com, 364,Eugenie,Plevey,epleveya3@trellian.com, 328,Joana,Biaggelli,jbiaggelli93@unblog.fr, 57,Jo,O' Kelleher,jokelleher1k@zdnet.com, 34,Charmain,Caps,ccapsx@wisc.edu, 397,Field,Allwright,fallwrightb0@pen.io, 135,Dawna,Phoebe,dphoebe3q@networksolutions.com, 443,Jerrilee,Hanks,jhanksca@yolasite.com, 481,Ginnifer,Trendle,gtrendledc@ed.gov, 189,Rochester,Meese,rmeese58@altervista.org, 224,Jobyna,Heisham,jheisham67@gnu.org, 371,Valery,Bartholat,vbartholataa@amazon.de, 4,Fiorenze,Bayfield,fbayfield3@hhs.gov, 162,Hannis,Rimbault,hrimbault4h@amazon.co.uk, 194,Lucinda,Aleevy,laleevy5d@cbslocal.com, 176,Daisi,Glennie,dglennie4v@youtu.be, 28,Darline,Simmons,dsimmonsr@europa.eu, 486,Amalie,Patis,apatisdh@ihg.com, 243,Jess,Scrimshire,jscrimshire6q@github.io, 248,Mac,Warden,mwarden6v@ucoz.ru, 68,Cirstoforo,Sowthcote,csowthcote1v@php.net, 381,Rheta,Hourigan,rhouriganak@nyu.edu, 21,Karia,McGarel,kmcgarelk@cargocollective.com, 383,Theodora,Lanfare,tlanfaream@blog.com, 300,Anette,Collet,acollet8b@delicious.com, 246,Rollins,Physick,rphysick6t@yelp.com, 89,Joycelin,Guerreiro,jguerreiro2g@zdnet.com, 212,Chalmers,Fieldsend,cfieldsend5v@acquirethisname.com, 422,Kassandra,Jimenez,kjimenezbp@icq.com, 13,Chet,Bennetto,cbennettoc@home.pl, 75,Nataline,Torry,ntorry22@noaa.gov, 442,Jasun,Caughte,jcaughtec9@tiny.cc, 100,Blondie,Pietron,bpietron2r@wisc.edu, 341,Leola,Fernely,lfernely9g@qq.com, 29,Roz,Botting,rbottings@blogspot.com, 175,Gino,Epdell,gepdell4u@intel.com, 228,Cassaundra,Slaymaker,cslaymaker6b@europa.eu, 355,Goldia,Naisby,gnaisby9u@dailymotion.com, 344,Mavis,Duckinfield,mduckinfield9j@behance.net, 376,Lanny,Gurnay,lgurnayaf@phoca.cz, 310,Ingamar,Buckenham,ibuckenham8l@springer.com, 15,Baudoin,Holbarrow,bholbarrowe@chicagotribune.com, 203,Ray,Plumptre,rplumptre5m@oaic.gov.au, 314,Hew,Hendin,hhendin8p@360.cn, 404,Joline,Chipp,jchippb7@shinystat.com, 410,Joachim,Najara,jnajarabd@netvibes.com, 291,Saleem,Khidr,skhidr82@narod.ru, 11,Jon,Wooland,jwoolanda@sphinn.com, 112,Alisa,Nerne,anerne33@psu.edu, 342,Lemmie,Erskin,lerskin9h@gnu.org, 234,Melodee,Simonyi,msimonyi6h@sbwire.com, 469,Rene,Janosevic,rjanosevicd0@accuweather.com, 18,Tamara,Mott,tmotth@desdev.cn, 289,Shannen,Waddingham,swaddingham80@weebly.com, 360,Cary,Humphery,chumphery9z@studiopress.com, 468,Sabine,Blacklidge,sblacklidgecz@cpanel.net, 147,Devland,Dumphrey,ddumphrey42@marriott.com, 99,Boyd,Tanser,btanser2q@opensource.org, 130,Ashbey,Hurdman,ahurdman3l@youtube.com, 85,Fan,Blakiston,fblakiston2c@acquirethisname.com, 195,Jodie,Riccardo,jriccardo5e@usda.gov, 105,Antonia,Hadny,ahadny2w@tinyurl.com, 114,Linc,Atlay,latlay35@imgur.com, 187,Else,Kroon,ekroon56@umich.edu, 193,Sarina,Arndell,sarndell5c@phoca.cz, 77,Candie,Cruess,ccruess24@nasa.gov, 2,Lindsay,Honsch,lhonsch1@xinhuanet.com, 104,Lynnet,Buesnel,lbuesnel2v@usa.gov, 22,Darryl,Formilli,dformillil@reverbnation.com, 458,Olivie,Duesberry,oduesberrycp@yolasite.com, 6,Inger,Muzzall,imuzzall5@businessweek.com, 287,Maria,Cartner,mcartner7y@blogger.com, 237,Bee,Fairs,bfairs6k@army.mil, 417,Malchy,Moxon,mmoxonbk@ftc.gov, 347,Terrie,Imos,timos9m@facebook.com, 423,Danette,Morot,dmorotbq@mapy.cz, 179,Caye,Gretton,cgretton4y@wikia.com, 266,Vally,Lawranson,vlawranson7d@domainmarket.com, 83,Jamesy,Sposito,jsposito2a@forbes.com, 335,Liana,Dallewater,ldallewater9a@sakura.ne.jp, 50,Tomlin,Boswell,tboswell1d@jigsy.com, 225,Rachael,Tunnicliffe,rtunnicliffe68@apple.com, 62,Randy,Vawton,rvawton1p@lulu.com, 70,Brion,McAlroy,bmcalroy1x@thetimes.co.uk, 109,Lilia,Grimestone,lgrimestone30@bravesites.com, 56,Yardley,Balfe,ybalfe1j@cbsnews.com, 33,Joy,Channer,jchannerw@yellowbook.com, 204,Bernadene,Ganny,bganny5n@csmonitor.com, 39,Birgit,Williamson,bwilliamson12@amazon.co.jp, 198,Kittie,Golborn,kgolborn5h@ucla.edu, 274,Clem,Hinrichsen,chinrichsen7l@discovery.com, 393,Lebbie,Hingeley,lhingeleyaw@va.gov, 218,Gabrila,Swadden,gswadden61@sogou.com, 53,Merrill,Vickars,mvickars1g@flickr.com, 262,David,Jaime,djaime79@goodreads.com, 350,Chancey,Dulinty,cdulinty9p@forbes.com, 72,Matthus,Acreman,macreman1z@state.tx.us, 451,Kelvin,Bleakley,kbleakleyci@chronoengine.com, 117,Joannes,Campbell-Dunlop,jcampbelldunlop38@google.cn, 466,Nikoletta,Wilmore,nwilmorecx@github.io, 309,Genevra,Drysdale,gdrysdale8k@mozilla.org, 63,Chad,Placstone,cplacstone1q@va.gov, 134,Lavinie,Rickhuss,lrickhuss3p@1und1.de, 473,Elbertine,Turn,eturnd4@wikipedia.org, 74,Valentine,Bulle,vbulle21@goodreads.com, 87,Debera,Wandrich,dwandrich2e@theguardian.com, 239,Theodore,Rockwill,trockwill6m@live.com, 180,Gilberta,Francioli,gfrancioli4z@vinaora.com, 425,Hansiain,Mumberson,hmumbersonbs@dailymail.co.uk, 163,Tedd,Rudwell,trudwell4i@usda.gov, 174,Lowell,Giannasi,lgiannasi4t@purevolume.com, 156,Rica,Henricsson,rhenricsson4b@liveinternet.ru, 319,Theo,Armitage,tarmitage8u@bloomberg.com, 94,Marjory,Hully,mhully2l@marriott.com, 223,Whitman,Foukx,wfoukx66@mtv.com, 47,Saundra,Kundt,skundt1a@amazon.co.uk, 325,Dorian,Dray,ddray90@blogspot.com, 281,Timothea,Rollo,trollo7s@icq.com, 316,Cirillo,Cordingley,ccordingley8r@smugmug.com, 365,Glennis,Heeran,gheerana4@zdnet.com, 478,Annora,Berkely,aberkelyd9@fema.gov, 205,Kristel,Jepensen,kjepensen5o@house.gov, 475,Tedra,Scanlin,tscanlind6@tumblr.com, 115,Kippy,Graeme,kgraeme36@narod.ru, 157,Vinny,Yabsley,vyabsley4c@taobao.com, 211,Aluino,Osmon,aosmon5u@usda.gov, 297,Farrel,Frary,ffrary88@princeton.edu, 102,Freeman,Manger,fmanger2t@jugem.jp, 155,Paton,Ridde,pridde4a@twitter.com, 3,Hally,Cod,hcod2@opensource.org, 448,Dimitry,Addams,daddamscf@jigsy.com, 426,Osmond,Matas,omatasbt@opensource.org, 10,Tiebout,Bisatt,tbisatt9@posterous.com, 145,Caty,Crichmere,ccrichmere40@mit.edu, 269,Cory,Blick,cblick7g@usnews.com, 318,Mechelle,Langdridge,mlangdridge8t@nationalgeographic.com, 275,Vera,Pledger,vpledger7m@jalbum.net, 334,Rani,Ackermann,rackermann99@tinyurl.com, 476,Alejoa,Blount,ablountd7@furl.net, 183,Elsey,Largen,elargen52@comcast.net, 60,Raven,Ferreras,rferreras1n@yahoo.co.jp, 236,Susan,Mynett,smynett6j@redcross.org, 17,Rebecca,Pittle,rpittleg@google.com.hk, 345,Eduino,Sarfas,esarfas9k@yellowbook.com, 184,Marci,Castaneda,mcastaneda53@harvard.edu, 283,Carola,Neat,cneat7u@yandex.ru, 351,Ed,Urch,eurch9q@miitbeian.gov.cn, 132,Isidoro,Demoge,idemoge3n@php.net, 452,Deerdre,Aslett,daslettcj@fc2.com, 66,Oren,Dopson,odopson1t@bluehost.com, 166,Nadean,Hirschmann,nhirschmann4l@examiner.com, 454,Bink,Kemitt,bkemittcl@npr.org, 322,Emalia,Cowton,ecowton8x@hao123.com, 482,Ellyn,Cusack,ecusackdd@geocities.com, 336,Felicio,Scaice,fscaice9b@arstechnica.com, 398,Chloe,Bramsen,cbramsenb1@ocn.ne.jp, 143,Em,Baillie,ebaillie3y@dagondesign.com, 308,Jaine,Bax,jbax8j@cargocollective.com, 388,Pammie,Parlour,pparlourar@gravatar.com, 491,Coriss,Rajchert,crajchertdm@addthis.com, 122,Blaire,Wrathmell,bwrathmell3d@google.com, 405,Ichabod,Riolfi,iriolfib8@over-blog.com, 416,Tallou,Pratte,tprattebj@google.ru, 282,Melody,Skalls,mskalls7t@sun.com, 177,Fina,Breyt,fbreyt4w@twitpic.com, 440,Vachel,Fisbburne,vfisbburnec7@canalblog.com, 107,Minna,Fullilove,mfullilove2y@nbcnews.com, 301,Allison,Kieff,akieff8c@unesco.org, 356,Mirelle,Kunzler,mkunzler9v@admin.ch, 419,Brant,Greenless,bgreenlessbm@usnews.com, 41,Ferguson,Hallt,fhallt14@admin.ch, 244,Hayley,Popley,hpopley6r@unc.edu, 492,Leif,Mangeon,lmangeondn@cornell.edu, 200,Winnifred,Fewtrell,wfewtrell5j@mapy.cz, 411,Aloysia,Tomsa,atomsabe@icq.com, 54,Evyn,Kochlin,ekochlin1h@360.cn, 192,Ashia,MacSherry,amacsherry5b@sphinn.com, 479,Wendeline,Geraldez,wgeraldezda@mapy.cz, 136,Jud,Loche,jloche3r@wired.com, 182,Horst,Dunk,hdunk51@twitpic.com, 327,Lazarus,Chese,lchese92@nyu.edu, 241,Gardner,Champagne,gchampagne6o@google.cn, 487,Phyllis,Mordon,pmordondi@vistaprint.com, 333,Cort,Delort,cdelort98@lulu.com, 477,Mark,Maingot,mmaingotd8@myspace.com, 284,Scotti,Sellan,ssellan7v@discovery.com, 106,Immanuel,McCuffie,imccuffie2x@apache.org, 430,Shaylah,Mc Queen,smcqueenbx@patch.com, 389,Clerc,Rathbourne,crathbourneas@nhs.uk, 415,Will,Witson,wwitsonbi@huffingtonpost.com, 391,Efrem,Hattam,ehattamau@desdev.cn, 36,Pete,Bris,pbrisz@freewebs.com, 128,Pet,Norsister,pnorsister3j@t-online.de, 369,Pauly,Gonnin,pgonnina8@dmoz.org, 483,Olwen,McCartan,omccartande@omniture.com, 307,Jillana,Laweles,jlaweles8i@noaa.gov, 45,Nelson,Blampey,nblampey18@list-manage.com, 67,Ruben,Hysom,rhysom1u@mozilla.com, 121,Quintina,Wallbrook,qwallbrook3c@spiegel.de, 181,Wallache,Clucas,wclucas50@weather.com, 276,Fidole,Witherby,fwitherby7n@wikispaces.com, 374,Mirilla,Fidelus,mfidelusad@google.es, 273,Gabbie,Chastenet,gchastenet7k@salon.com, 445,Ashlie,Garfitt,agarfittcc@accuweather.com, 418,Lizette,Dickon,ldickonbl@youtube.com, 69,Lelia,Simkovitz,lsimkovitz1w@patch.com, 401,Ive,Pele,ipeleb4@plala.or.jp, 362,Camille,holmes,cholmesa1@eventbrite.com, 392,Dennie,Damrel,ddamrelav@w3.org, 257,Delila,Ruegg,druegg74@fc2.com, 361,Kristos,Lysaght,klysaghta0@ning.com, 474,Archibaldo,Soughton,asoughtond5@loc.gov, 279,Else,Vipan,evipan7q@slideshare.net, 315,Free,MacKey,fmackey8q@xrea.com, 51,Rriocard,Marginson,rmarginson1e@elpais.com, 93,Doralynn,De Minico,ddeminico2k@constantcontact.com, 490,Silvano,Crangle,scrangledl@e-recht24.de, 169,Rawley,Royce,rroyce4o@springer.com, 103,Kermit,Stollenbecker,kstollenbecker2u@washingtonpost.com, 222,Luca,Rehn,lrehn65@usnews.com, 79,Cortney,Jiroutka,cjiroutka26@illinois.edu, 437,Krishnah,Greenside,kgreensidec4@bloomberg.com, 208,Madelaine,Gethyn,mgethyn5r@wikispaces.com, 352,Murray,Hentzeler,mhentzeler9r@sciencedaily.com, 144,Flossy,Yakob,fyakob3z@nature.com, 480,Benjie,Wickstead,bwicksteaddb@tuttocitta.it, 84,Elenore,Imrie,eimrie2b@jiathis.com, 88,Giffy,Kolakowski,gkolakowski2f@fema.gov, 285,Lalo,Andreassen,landreassen7w@behance.net, 349,Ailene,Granham,agranham9o@tinyurl.com, 16,Layton,Coolson,lcoolsonf@lycos.com, 330,Carolus,Dannell,cdannell95@ifeng.com, 304,Auberta,Storcke,astorcke8f@flickr.com, 118,Brigham,Grimsell,bgrimsell39@cpanel.net, 152,Barrie,Growden,bgrowden47@noaa.gov, 321,Lynelle,Chomicz,lchomicz8w@is.gd, 254,Zandra,Crookall,zcrookall71@va.gov, 432,Cecily,Popov,cpopovbz@nationalgeographic.com, 280,Esther,Well,ewell7r@unblog.fr, 108,Codie,Proschek,cproschek2z@mashable.com, 96,Robinette,Garman,rgarman2n@addthis.com, 292,Fania,Flindall,fflindall83@fastcompany.com, 125,Lydie,Aughton,laughton3g@xing.com, 220,Issie,Lequeux,ilequeux63@github.com, 271,Anya,MacCroary,amaccroary7i@state.gov, 396,Harrietta,Bartholomew,hbartholomewaz@nba.com, 73,Ase,Mattock,amattock20@wisc.edu, 133,Minda,Kinnin,mkinnin3o@chicagotribune.com, 64,Niki,Minci,nminci1r@constantcontact.com, 390,Ryun,Betteriss,rbetterissat@stumbleupon.com, 90,Lucy,Saye,lsaye2h@facebook.com, 129,Hartwell,Stribling,hstribling3k@shutterfly.com, 35,Darbie,McReath,dmcreathy@mtv.com, 343,Gray,McSkeagan,gmcskeagan9i@bravesites.com]
[INFO ] 2018-04-09 20:55:22.276 [http-nio-8080-exec-9] RandomConnection - In the doGet of randomConnection
